TRACE::2023-08-01.00:10:18::SCWPlatform::Trying to open the hw design at C:/Users/hexad/Documents/Artix-7/UART/SDK/uart_proc_wrapper/hw/uart_proc_wrapper.xsa
TRACE::2023-08-01.00:10:18::SCWPlatform::DSA given C:/Users/hexad/Documents/Artix-7/UART/SDK/uart_proc_wrapper/hw/uart_proc_wrapper.xsa
TRACE::2023-08-01.00:10:18::SCWPlatform::DSA absoulate path C:/Users/hexad/Documents/Artix-7/UART/SDK/uart_proc_wrapper/hw/uart_proc_wrapper.xsa
TRACE::2023-08-01.00:10:18::SCWPlatform::DSA directory C:/Users/hexad/Documents/Artix-7/UART/SDK/uart_proc_wrapper/hw
TRACE::2023-08-01.00:10:18::SCWPlatform:: Platform Path C:/Users/hexad/Documents/Artix-7/UART/SDK/uart_proc_wrapper/hw/uart_proc_wrapper.xsa
TRACE::2023-08-01.00:10:18::SCWPlatform:: Unique name xilinx:::0.0
TRACE::2023-08-01.00:10:18::SCWPlatform::Do not have an existing db opened. 
TRACE::2023-08-01.00:10:18::SCWPlatform::Opened new HwDB with name uart_proc_wrapper_0
TRACE::2023-08-01.00:10:18::SCWWriter::formatted JSON is {
	"platformName":	"uart_proc_wrapper",
	"sprVersion":	"2.0",
	"mode":	"gui",
	"dsaType":	"Fixed",
	"platformDesc":	"uart_proc_wrapper",
	"platHandOff":	"C:/Users/hexad/Documents/Artix-7/UART/uart_proc_wrapper.xsa",
	"platIntHandOff":	"<platformDir>/hw/uart_proc_wrapper.xsa",
	"deviceType":	"FPGA",
	"platIsPrebuiltAutogen":	"false",
	"platIsNoBootBsp":	"false",
	"hasFsblMakeHasChanges":	"false",
	"hasPmufwMakeHasChanges":	"false",
	"platPreBuiltFlag":	false,
	"platformSamplesDir":	""
}
TRACE::2023-08-01.00:10:18::SCWWriter::formatted JSON is {
	"platformName":	"uart_proc_wrapper",
	"sprVersion":	"2.0",
	"mode":	"gui",
	"dsaType":	"Fixed",
	"platformDesc":	"uart_proc_wrapper",
	"platHandOff":	"C:/Users/hexad/Documents/Artix-7/UART/uart_proc_wrapper.xsa",
	"platIntHandOff":	"<platformDir>/hw/uart_proc_wrapper.xsa",
	"deviceType":	"FPGA",
	"platIsPrebuiltAutogen":	"false",
	"platIsNoBootBsp":	"false",
	"hasFsblMakeHasChanges":	"false",
	"hasPmufwMakeHasChanges":	"false",
	"platPreBuiltFlag":	false,
	"platformSamplesDir":	"",
	"platActiveSys":	"uart_proc_wrapper",
	"systems":	[{
			"systemName":	"uart_proc_wrapper",
			"systemDesc":	"uart_proc_wrapper",
			"sysIsBootAutoGen":	"true",
			"systemDispName":	"uart_proc_wrapper"
		}]
}
TRACE::2023-08-01.00:10:18::SCWPlatform::Boot application domains not present, creating them
TRACE::2023-08-01.00:10:18::SCWPlatform::Pure FPGA device, no boot application will be created.
TRACE::2023-08-01.00:10:18::SCWWriter::formatted JSON is {
	"platformName":	"uart_proc_wrapper",
	"sprVersion":	"2.0",
	"mode":	"gui",
	"dsaType":	"Fixed",
	"platformDesc":	"uart_proc_wrapper",
	"platHandOff":	"C:/Users/hexad/Documents/Artix-7/UART/uart_proc_wrapper.xsa",
	"platIntHandOff":	"<platformDir>/hw/uart_proc_wrapper.xsa",
	"deviceType":	"FPGA",
	"platIsPrebuiltAutogen":	"false",
	"platIsNoBootBsp":	"false",
	"hasFsblMakeHasChanges":	"false",
	"hasPmufwMakeHasChanges":	"false",
	"platPreBuiltFlag":	false,
	"platformSamplesDir":	"",
	"platActiveSys":	"uart_proc_wrapper",
	"systems":	[{
			"systemName":	"uart_proc_wrapper",
			"systemDesc":	"uart_proc_wrapper",
			"sysIsBootAutoGen":	"true",
			"systemDispName":	"uart_proc_wrapper"
		}]
}
TRACE::2023-08-01.00:10:18::SCWWriter::formatted JSON is {
	"platformName":	"uart_proc_wrapper",
	"sprVersion":	"2.0",
	"mode":	"gui",
	"dsaType":	"Fixed",
	"platformDesc":	"uart_proc_wrapper",
	"platHandOff":	"C:/Users/hexad/Documents/Artix-7/UART/uart_proc_wrapper.xsa",
	"platIntHandOff":	"<platformDir>/hw/uart_proc_wrapper.xsa",
	"deviceType":	"FPGA",
	"platIsPrebuiltAutogen":	"false",
	"platIsNoBootBsp":	"false",
	"hasFsblMakeHasChanges":	"false",
	"hasPmufwMakeHasChanges":	"false",
	"platPreBuiltFlag":	false,
	"platformSamplesDir":	"",
	"platActiveSys":	"uart_proc_wrapper",
	"systems":	[{
			"systemName":	"uart_proc_wrapper",
			"systemDesc":	"uart_proc_wrapper",
			"sysIsBootAutoGen":	"true",
			"systemDispName":	"uart_proc_wrapper"
		}]
}
TRACE::2023-08-01.00:10:18::SCWPlatform::Trying to open the hw design at C:/Users/hexad/Documents/Artix-7/UART/SDK/uart_proc_wrapper/hw/uart_proc_wrapper.xsa
TRACE::2023-08-01.00:10:18::SCWPlatform::DSA given C:/Users/hexad/Documents/Artix-7/UART/SDK/uart_proc_wrapper/hw/uart_proc_wrapper.xsa
TRACE::2023-08-01.00:10:18::SCWPlatform::DSA absoulate path C:/Users/hexad/Documents/Artix-7/UART/SDK/uart_proc_wrapper/hw/uart_proc_wrapper.xsa
TRACE::2023-08-01.00:10:18::SCWPlatform::DSA directory C:/Users/hexad/Documents/Artix-7/UART/SDK/uart_proc_wrapper/hw
TRACE::2023-08-01.00:10:18::SCWPlatform:: Platform Path C:/Users/hexad/Documents/Artix-7/UART/SDK/uart_proc_wrapper/hw/uart_proc_wrapper.xsa
TRACE::2023-08-01.00:10:18::SCWPlatform:: Unique name xilinx:::0.0
TRACE::2023-08-01.00:10:18::SCWPlatform::Trying to set the existing hwdb with name uart_proc_wrapper_0
TRACE::2023-08-01.00:10:18::SCWPlatform::Opened existing hwdb uart_proc_wrapper_0
TRACE::2023-08-01.00:10:18::SCWPlatform::Found the Hw Db part of the input DSA
TRACE::2023-08-01.00:10:18::SCWPlatform::Trying to open the hw design at C:/Users/hexad/Documents/Artix-7/UART/SDK/uart_proc_wrapper/hw/uart_proc_wrapper.xsa
TRACE::2023-08-01.00:10:18::SCWPlatform::DSA given C:/Users/hexad/Documents/Artix-7/UART/SDK/uart_proc_wrapper/hw/uart_proc_wrapper.xsa
TRACE::2023-08-01.00:10:18::SCWPlatform::DSA absoulate path C:/Users/hexad/Documents/Artix-7/UART/SDK/uart_proc_wrapper/hw/uart_proc_wrapper.xsa
TRACE::2023-08-01.00:10:18::SCWPlatform::DSA directory C:/Users/hexad/Documents/Artix-7/UART/SDK/uart_proc_wrapper/hw
TRACE::2023-08-01.00:10:18::SCWPlatform:: Platform Path C:/Users/hexad/Documents/Artix-7/UART/SDK/uart_proc_wrapper/hw/uart_proc_wrapper.xsa
TRACE::2023-08-01.00:10:18::SCWPlatform:: Unique name xilinx:::0.0
TRACE::2023-08-01.00:10:18::SCWPlatform::Trying to set the existing hwdb with name uart_proc_wrapper_0
TRACE::2023-08-01.00:10:18::SCWPlatform::Opened existing hwdb uart_proc_wrapper_0
TRACE::2023-08-01.00:10:18::SCWPlatform::Found the Hw Db part of the input DSA
TRACE::2023-08-01.00:10:18::SCWDomain::checking for install qemu data   : 
TRACE::2023-08-01.00:10:18::SCWPlatform::Trying to open the hw design at C:/Users/hexad/Documents/Artix-7/UART/SDK/uart_proc_wrapper/hw/uart_proc_wrapper.xsa
TRACE::2023-08-01.00:10:18::SCWPlatform::DSA given C:/Users/hexad/Documents/Artix-7/UART/SDK/uart_proc_wrapper/hw/uart_proc_wrapper.xsa
TRACE::2023-08-01.00:10:18::SCWPlatform::DSA absoulate path C:/Users/hexad/Documents/Artix-7/UART/SDK/uart_proc_wrapper/hw/uart_proc_wrapper.xsa
TRACE::2023-08-01.00:10:18::SCWPlatform::DSA directory C:/Users/hexad/Documents/Artix-7/UART/SDK/uart_proc_wrapper/hw
TRACE::2023-08-01.00:10:18::SCWPlatform:: Platform Path C:/Users/hexad/Documents/Artix-7/UART/SDK/uart_proc_wrapper/hw/uart_proc_wrapper.xsa
TRACE::2023-08-01.00:10:18::SCWPlatform:: Unique name xilinx:::0.0
TRACE::2023-08-01.00:10:18::SCWPlatform::Trying to set the existing hwdb with name uart_proc_wrapper_0
TRACE::2023-08-01.00:10:18::SCWPlatform::Opened existing hwdb uart_proc_wrapper_0
TRACE::2023-08-01.00:10:18::SCWPlatform::Found the Hw Db part of the input DSA
TRACE::2023-08-01.00:10:18::SCWPlatform::Trying to open the hw design at C:/Users/hexad/Documents/Artix-7/UART/SDK/uart_proc_wrapper/hw/uart_proc_wrapper.xsa
TRACE::2023-08-01.00:10:18::SCWPlatform::DSA given C:/Users/hexad/Documents/Artix-7/UART/SDK/uart_proc_wrapper/hw/uart_proc_wrapper.xsa
TRACE::2023-08-01.00:10:18::SCWPlatform::DSA absoulate path C:/Users/hexad/Documents/Artix-7/UART/SDK/uart_proc_wrapper/hw/uart_proc_wrapper.xsa
TRACE::2023-08-01.00:10:18::SCWPlatform::DSA directory C:/Users/hexad/Documents/Artix-7/UART/SDK/uart_proc_wrapper/hw
TRACE::2023-08-01.00:10:18::SCWPlatform:: Platform Path C:/Users/hexad/Documents/Artix-7/UART/SDK/uart_proc_wrapper/hw/uart_proc_wrapper.xsa
TRACE::2023-08-01.00:10:18::SCWPlatform:: Unique name xilinx:::0.0
TRACE::2023-08-01.00:10:18::SCWPlatform::Trying to set the existing hwdb with name uart_proc_wrapper_0
TRACE::2023-08-01.00:10:18::SCWPlatform::Opened existing hwdb uart_proc_wrapper_0
TRACE::2023-08-01.00:10:18::SCWPlatform::Found the Hw Db part of the input DSA
TRACE::2023-08-01.00:10:18::SCWPlatform::Trying to open the hw design at C:/Users/hexad/Documents/Artix-7/UART/SDK/uart_proc_wrapper/hw/uart_proc_wrapper.xsa
TRACE::2023-08-01.00:10:18::SCWPlatform::DSA given C:/Users/hexad/Documents/Artix-7/UART/SDK/uart_proc_wrapper/hw/uart_proc_wrapper.xsa
TRACE::2023-08-01.00:10:18::SCWPlatform::DSA absoulate path C:/Users/hexad/Documents/Artix-7/UART/SDK/uart_proc_wrapper/hw/uart_proc_wrapper.xsa
TRACE::2023-08-01.00:10:18::SCWPlatform::DSA directory C:/Users/hexad/Documents/Artix-7/UART/SDK/uart_proc_wrapper/hw
TRACE::2023-08-01.00:10:18::SCWPlatform:: Platform Path C:/Users/hexad/Documents/Artix-7/UART/SDK/uart_proc_wrapper/hw/uart_proc_wrapper.xsa
TRACE::2023-08-01.00:10:18::SCWPlatform:: Unique name xilinx:::0.0
TRACE::2023-08-01.00:10:18::SCWPlatform::Trying to set the existing hwdb with name uart_proc_wrapper_0
TRACE::2023-08-01.00:10:18::SCWPlatform::Opened existing hwdb uart_proc_wrapper_0
TRACE::2023-08-01.00:10:18::SCWPlatform::Found the Hw Db part of the input DSA
TRACE::2023-08-01.00:10:18::SCWMssOS::Checking the sw design at  C:/Users/hexad/Documents/Artix-7/UART/SDK/uart_proc_wrapper/microblaze_mcs_0_microblaze_I/standalone_microblaze_mcs_0_microblaze_I/bsp/system.mss
TRACE::2023-08-01.00:10:18::SCWMssOS::DEBUG:  swdes dump  
TRACE::2023-08-01.00:10:18::SCWMssOS::No sw design opened at  C:/Users/hexad/Documents/Artix-7/UART/SDK/uart_proc_wrapper/microblaze_mcs_0_microblaze_I/standalone_microblaze_mcs_0_microblaze_I/bsp/system.mss
TRACE::2023-08-01.00:10:18::SCWMssOS::mss does not exists at C:/Users/hexad/Documents/Artix-7/UART/SDK/uart_proc_wrapper/microblaze_mcs_0_microblaze_I/standalone_microblaze_mcs_0_microblaze_I/bsp/system.mss
TRACE::2023-08-01.00:10:18::SCWMssOS::Creating sw design at  C:/Users/hexad/Documents/Artix-7/UART/SDK/uart_proc_wrapper/microblaze_mcs_0_microblaze_I/standalone_microblaze_mcs_0_microblaze_I/bsp/system.mss
TRACE::2023-08-01.00:10:18::SCWMssOS::Adding the swdes entry, created swdb C:/Users/hexad/Documents/Artix-7/UART/SDK/uart_proc_wrapper/microblaze_mcs_0_microblaze_I/standalone_microblaze_mcs_0_microblaze_I/bsp/system.mss with des name C:/Users/hexad/Documents/Artix-7/UART/SDK/uart_proc_wrapper/microblaze_mcs_0_microblaze_I/standalone_microblaze_mcs_0_microblaze_I/bsp/system.mss
TRACE::2023-08-01.00:10:18::SCWMssOS::updating the scw layer changes to swdes at   C:/Users/hexad/Documents/Artix-7/UART/SDK/uart_proc_wrapper/microblaze_mcs_0_microblaze_I/standalone_microblaze_mcs_0_microblaze_I/bsp/system.mss
TRACE::2023-08-01.00:10:18::SCWMssOS::Writing mss at C:/Users/hexad/Documents/Artix-7/UART/SDK/uart_proc_wrapper/microblaze_mcs_0_microblaze_I/standalone_microblaze_mcs_0_microblaze_I/bsp/system.mss
TRACE::2023-08-01.00:10:18::SCWMssOS::Completed writing the mss file at C:/Users/hexad/Documents/Artix-7/UART/SDK/uart_proc_wrapper/microblaze_mcs_0_microblaze_I/standalone_microblaze_mcs_0_microblaze_I/bsp
TRACE::2023-08-01.00:10:18::SCWMssOS::Picking up changes from newly written mss file into SCW Layer. 
TRACE::2023-08-01.00:10:18::SCWMssOS::Updated the changes from newly written mss file into SCW Layer. 
TRACE::2023-08-01.00:10:18::SCWMssOS::Completed writing the mss file at C:/Users/hexad/Documents/Artix-7/UART/SDK/uart_proc_wrapper/microblaze_mcs_0_microblaze_I/standalone_microblaze_mcs_0_microblaze_I/bsp
TRACE::2023-08-01.00:10:18::SCWMssOS::Forcing BSP Sources regeneration.
TRACE::2023-08-01.00:10:43::SCWMssOS::Saving the mss changes C:/Users/hexad/Documents/Artix-7/UART/SDK/uart_proc_wrapper/microblaze_mcs_0_microblaze_I/standalone_microblaze_mcs_0_microblaze_I/bsp/system.mss
TRACE::2023-08-01.00:10:43::SCWMssOS::Adding the swdes entry, mss present, able to open swdb C:/Users/hexad/Documents/Artix-7/UART/SDK/uart_proc_wrapper/microblaze_mcs_0_microblaze_I/standalone_microblaze_mcs_0_microblaze_I/bsp/system.mss with des name system
TRACE::2023-08-01.00:10:43::SCWMssOS::Writing the mss file completed C:/Users/hexad/Documents/Artix-7/UART/SDK/uart_proc_wrapper/microblaze_mcs_0_microblaze_I/standalone_microblaze_mcs_0_microblaze_I/bsp/system.mss
TRACE::2023-08-01.00:10:43::SCWMssOS::Commit changes completed.
TRACE::2023-08-01.00:10:43::SCWPlatform::Trying to open the hw design at C:/Users/hexad/Documents/Artix-7/UART/SDK/uart_proc_wrapper/hw/uart_proc_wrapper.xsa
TRACE::2023-08-01.00:10:43::SCWPlatform::DSA given C:/Users/hexad/Documents/Artix-7/UART/SDK/uart_proc_wrapper/hw/uart_proc_wrapper.xsa
TRACE::2023-08-01.00:10:43::SCWPlatform::DSA absoulate path C:/Users/hexad/Documents/Artix-7/UART/SDK/uart_proc_wrapper/hw/uart_proc_wrapper.xsa
TRACE::2023-08-01.00:10:43::SCWPlatform::DSA directory C:/Users/hexad/Documents/Artix-7/UART/SDK/uart_proc_wrapper/hw
TRACE::2023-08-01.00:10:43::SCWPlatform:: Platform Path C:/Users/hexad/Documents/Artix-7/UART/SDK/uart_proc_wrapper/hw/uart_proc_wrapper.xsa
TRACE::2023-08-01.00:10:43::SCWPlatform:: Unique name xilinx:::0.0
TRACE::2023-08-01.00:10:43::SCWPlatform::Trying to set the existing hwdb with name uart_proc_wrapper_0
TRACE::2023-08-01.00:10:43::SCWPlatform::Opened existing hwdb uart_proc_wrapper_0
TRACE::2023-08-01.00:10:43::SCWPlatform::Found the Hw Db part of the input DSA
TRACE::2023-08-01.00:10:43::SCWMssOS::Checking the sw design at  C:/Users/hexad/Documents/Artix-7/UART/SDK/uart_proc_wrapper/microblaze_mcs_0_microblaze_I/standalone_microblaze_mcs_0_microblaze_I/bsp/system.mss
TRACE::2023-08-01.00:10:43::SCWMssOS::DEBUG:  swdes dump  C:/Users/hexad/Documents/Artix-7/UART/SDK/uart_proc_wrapper/microblaze_mcs_0_microblaze_I/standalone_microblaze_mcs_0_microblaze_I/bsp/system.mss|system||

TRACE::2023-08-01.00:10:43::SCWMssOS::Sw design exists and opened at  C:/Users/hexad/Documents/Artix-7/UART/SDK/uart_proc_wrapper/microblaze_mcs_0_microblaze_I/standalone_microblaze_mcs_0_microblaze_I/bsp/system.mss
TRACE::2023-08-01.00:10:43::SCWPlatform::Trying to open the hw design at C:/Users/hexad/Documents/Artix-7/UART/SDK/uart_proc_wrapper/hw/uart_proc_wrapper.xsa
TRACE::2023-08-01.00:10:43::SCWPlatform::DSA given C:/Users/hexad/Documents/Artix-7/UART/SDK/uart_proc_wrapper/hw/uart_proc_wrapper.xsa
TRACE::2023-08-01.00:10:43::SCWPlatform::DSA absoulate path C:/Users/hexad/Documents/Artix-7/UART/SDK/uart_proc_wrapper/hw/uart_proc_wrapper.xsa
TRACE::2023-08-01.00:10:43::SCWPlatform::DSA directory C:/Users/hexad/Documents/Artix-7/UART/SDK/uart_proc_wrapper/hw
TRACE::2023-08-01.00:10:43::SCWPlatform:: Platform Path C:/Users/hexad/Documents/Artix-7/UART/SDK/uart_proc_wrapper/hw/uart_proc_wrapper.xsa
TRACE::2023-08-01.00:10:43::SCWPlatform:: Unique name xilinx:::0.0
TRACE::2023-08-01.00:10:43::SCWPlatform::Trying to set the existing hwdb with name uart_proc_wrapper_0
TRACE::2023-08-01.00:10:43::SCWPlatform::Opened existing hwdb uart_proc_wrapper_0
TRACE::2023-08-01.00:10:43::SCWPlatform::Found the Hw Db part of the input DSA
TRACE::2023-08-01.00:10:43::SCWMssOS::Checking the sw design at  C:/Users/hexad/Documents/Artix-7/UART/SDK/uart_proc_wrapper/microblaze_mcs_0_microblaze_I/standalone_microblaze_mcs_0_microblaze_I/bsp/system.mss
TRACE::2023-08-01.00:10:43::SCWMssOS::DEBUG:  swdes dump  C:/Users/hexad/Documents/Artix-7/UART/SDK/uart_proc_wrapper/microblaze_mcs_0_microblaze_I/standalone_microblaze_mcs_0_microblaze_I/bsp/system.mss|system||

TRACE::2023-08-01.00:10:43::SCWMssOS::Sw design exists and opened at  C:/Users/hexad/Documents/Artix-7/UART/SDK/uart_proc_wrapper/microblaze_mcs_0_microblaze_I/standalone_microblaze_mcs_0_microblaze_I/bsp/system.mss
TRACE::2023-08-01.00:10:43::SCWPlatform::Trying to open the hw design at C:/Users/hexad/Documents/Artix-7/UART/SDK/uart_proc_wrapper/hw/uart_proc_wrapper.xsa
TRACE::2023-08-01.00:10:43::SCWPlatform::DSA given C:/Users/hexad/Documents/Artix-7/UART/SDK/uart_proc_wrapper/hw/uart_proc_wrapper.xsa
TRACE::2023-08-01.00:10:43::SCWPlatform::DSA absoulate path C:/Users/hexad/Documents/Artix-7/UART/SDK/uart_proc_wrapper/hw/uart_proc_wrapper.xsa
TRACE::2023-08-01.00:10:43::SCWPlatform::DSA directory C:/Users/hexad/Documents/Artix-7/UART/SDK/uart_proc_wrapper/hw
TRACE::2023-08-01.00:10:43::SCWPlatform:: Platform Path C:/Users/hexad/Documents/Artix-7/UART/SDK/uart_proc_wrapper/hw/uart_proc_wrapper.xsa
TRACE::2023-08-01.00:10:43::SCWPlatform:: Unique name xilinx:::0.0
TRACE::2023-08-01.00:10:43::SCWPlatform::Trying to set the existing hwdb with name uart_proc_wrapper_0
TRACE::2023-08-01.00:10:43::SCWPlatform::Opened existing hwdb uart_proc_wrapper_0
TRACE::2023-08-01.00:10:43::SCWPlatform::Found the Hw Db part of the input DSA
TRACE::2023-08-01.00:10:43::SCWMssOS::Checking the sw design at  C:/Users/hexad/Documents/Artix-7/UART/SDK/uart_proc_wrapper/microblaze_mcs_0_microblaze_I/standalone_microblaze_mcs_0_microblaze_I/bsp/system.mss
TRACE::2023-08-01.00:10:43::SCWMssOS::DEBUG:  swdes dump  C:/Users/hexad/Documents/Artix-7/UART/SDK/uart_proc_wrapper/microblaze_mcs_0_microblaze_I/standalone_microblaze_mcs_0_microblaze_I/bsp/system.mss|system||

TRACE::2023-08-01.00:10:43::SCWMssOS::Sw design exists and opened at  C:/Users/hexad/Documents/Artix-7/UART/SDK/uart_proc_wrapper/microblaze_mcs_0_microblaze_I/standalone_microblaze_mcs_0_microblaze_I/bsp/system.mss
TRACE::2023-08-01.00:10:43::SCWWriter::formatted JSON is {
	"platformName":	"uart_proc_wrapper",
	"sprVersion":	"2.0",
	"mode":	"gui",
	"dsaType":	"Fixed",
	"platformDesc":	"uart_proc_wrapper",
	"platHandOff":	"C:/Users/hexad/Documents/Artix-7/UART/uart_proc_wrapper.xsa",
	"platIntHandOff":	"<platformDir>/hw/uart_proc_wrapper.xsa",
	"deviceType":	"FPGA",
	"platIsPrebuiltAutogen":	"false",
	"platIsNoBootBsp":	"false",
	"hasFsblMakeHasChanges":	"false",
	"hasPmufwMakeHasChanges":	"false",
	"platPreBuiltFlag":	false,
	"platformSamplesDir":	"",
	"platActiveSys":	"uart_proc_wrapper",
	"systems":	[{
			"systemName":	"uart_proc_wrapper",
			"systemDesc":	"uart_proc_wrapper",
			"sysIsBootAutoGen":	"true",
			"systemDispName":	"uart_proc_wrapper",
			"sysActiveDom":	"standalone_microblaze_mcs_0_microblaze_I",
			"sysDefaultDom":	"standalone_microblaze_mcs_0_microblaze_I",
			"domains":	[{
					"domainName":	"standalone_microblaze_mcs_0_microblaze_I",
					"domainDispName":	"standalone_microblaze_mcs_0_microblaze_I",
					"domainDesc":	"standalone_microblaze_mcs_0_microblaze_I",
					"processors":	"microblaze_mcs_0_microblaze_I",
					"os":	"standalone",
					"sdxOs":	"standalone",
					"debugEnable":	"False",
					"domRuntimes":	["cpp"],
					"swRepo":	"",
					"mssOsVer":	"8.1",
					"mssFile":	"",
					"md5Digest":	"e74311f8c3a8ea62ce30a35f679d52f1",
					"compatibleApp":	"hello_world",
					"domType":	"mssDomain",
					"arch":	"32-bit",
					"appSettings":	{
						"appCompilerFlags":	"",
						"appLinkerFlags":	""
					},
					"addedLibs":	[],
					"libOptions":	{
						"libsContainingOptions":	[]
					},
					"prebuiltLibs":	{
						"prebuiltIncPath":	[],
						"prebuiltLibPath":	[]
					},
					"isolation":	{
					}
				}]
		}]
}
LOG::2023-08-01.00:10:43::SCWPlatform::Started generating the artifacts platform uart_proc_wrapper
TRACE::2023-08-01.00:10:43::SCWPlatform::Sanity checking of platform is completed
LOG::2023-08-01.00:10:43::SCWPlatform::Started generating the artifacts for system configuration uart_proc_wrapper
LOG::2023-08-01.00:10:43::SCWSystem::Checking the domain standalone_microblaze_mcs_0_microblaze_I
LOG::2023-08-01.00:10:43::SCWSystem::Not a boot domain 
LOG::2023-08-01.00:10:43::SCWSystem::Started Processing the domain standalone_microblaze_mcs_0_microblaze_I
TRACE::2023-08-01.00:10:43::SCWDomain::Generating domain artifcats
TRACE::2023-08-01.00:10:43::SCWMssOS::Generating standalone artifcats
TRACE::2023-08-01.00:10:43::SCWMssOS:: Copying the user libraries. 
TRACE::2023-08-01.00:10:43::SCWPlatform::Trying to open the hw design at C:/Users/hexad/Documents/Artix-7/UART/SDK/uart_proc_wrapper/hw/uart_proc_wrapper.xsa
TRACE::2023-08-01.00:10:43::SCWPlatform::DSA given C:/Users/hexad/Documents/Artix-7/UART/SDK/uart_proc_wrapper/hw/uart_proc_wrapper.xsa
TRACE::2023-08-01.00:10:43::SCWPlatform::DSA absoulate path C:/Users/hexad/Documents/Artix-7/UART/SDK/uart_proc_wrapper/hw/uart_proc_wrapper.xsa
TRACE::2023-08-01.00:10:43::SCWPlatform::DSA directory C:/Users/hexad/Documents/Artix-7/UART/SDK/uart_proc_wrapper/hw
TRACE::2023-08-01.00:10:43::SCWPlatform:: Platform Path C:/Users/hexad/Documents/Artix-7/UART/SDK/uart_proc_wrapper/hw/uart_proc_wrapper.xsa
TRACE::2023-08-01.00:10:43::SCWPlatform:: Unique name xilinx:::0.0
TRACE::2023-08-01.00:10:43::SCWPlatform::Trying to set the existing hwdb with name uart_proc_wrapper_0
TRACE::2023-08-01.00:10:43::SCWPlatform::Opened existing hwdb uart_proc_wrapper_0
TRACE::2023-08-01.00:10:43::SCWPlatform::Found the Hw Db part of the input DSA
TRACE::2023-08-01.00:10:43::SCWMssOS::Checking the sw design at  C:/Users/hexad/Documents/Artix-7/UART/SDK/uart_proc_wrapper/microblaze_mcs_0_microblaze_I/standalone_microblaze_mcs_0_microblaze_I/bsp/system.mss
TRACE::2023-08-01.00:10:43::SCWMssOS::DEBUG:  swdes dump  C:/Users/hexad/Documents/Artix-7/UART/SDK/uart_proc_wrapper/microblaze_mcs_0_microblaze_I/standalone_microblaze_mcs_0_microblaze_I/bsp/system.mss|system||

TRACE::2023-08-01.00:10:43::SCWMssOS::Sw design exists and opened at  C:/Users/hexad/Documents/Artix-7/UART/SDK/uart_proc_wrapper/microblaze_mcs_0_microblaze_I/standalone_microblaze_mcs_0_microblaze_I/bsp/system.mss
TRACE::2023-08-01.00:10:43::SCWMssOS::Completed writing the mss file at C:/Users/hexad/Documents/Artix-7/UART/SDK/uart_proc_wrapper/microblaze_mcs_0_microblaze_I/standalone_microblaze_mcs_0_microblaze_I/bsp
TRACE::2023-08-01.00:10:43::SCWMssOS::Mss edits present, copying mssfile into export location C:/Users/hexad/Documents/Artix-7/UART/SDK/uart_proc_wrapper/microblaze_mcs_0_microblaze_I/standalone_microblaze_mcs_0_microblaze_I/bsp/system.mss
TRACE::2023-08-01.00:10:43::SCWMssOS::bsp generated is upto date with the mss file. Skipping bsp generation.
TRACE::2023-08-01.00:10:43::SCWMssOS::BSP is already built. skipping the bsp build ... 
TRACE::2023-08-01.00:10:43::SCWDomain::Skipping the build for domain :  standalone_microblaze_mcs_0_microblaze_I
TRACE::2023-08-01.00:10:43::SCWMssOS::skipping the bsp build ... 
TRACE::2023-08-01.00:10:43::SCWMssOS::Copying to export directory.
TRACE::2023-08-01.00:10:43::SCWMssOS:: Checking if to create the Supporting Applications
TRACE::2023-08-01.00:10:43::SCWMssOS:: No Linux domain exists, trying to generate FSBL 
LOG::2023-08-01.00:10:43::SCWSystem::Completed Processing the domain standalone_microblaze_mcs_0_microblaze_I
LOG::2023-08-01.00:10:43::SCWSystem::Completed Processing the sysconfig uart_proc_wrapper
LOG::2023-08-01.00:10:43::SCWPlatform::Completed generating the artifacts for system configuration uart_proc_wrapper
TRACE::2023-08-01.00:10:43::SCWPlatform::Started preparing the platform 
TRACE::2023-08-01.00:10:43::SCWSystem::Writing the bif file for system config uart_proc_wrapper
TRACE::2023-08-01.00:10:43::SCWSystem::dir created 
TRACE::2023-08-01.00:10:43::SCWSystem::Writing the bif 
TRACE::2023-08-01.00:10:43::SCWPlatform::Started writing the spfm file 
TRACE::2023-08-01.00:10:43::SCWPlatform::Started writing the xpfm file 
TRACE::2023-08-01.00:10:43::SCWPlatform::Completed generating the platform
TRACE::2023-08-01.00:10:43::SCWMssOS::Saving the mss changes C:/Users/hexad/Documents/Artix-7/UART/SDK/uart_proc_wrapper/microblaze_mcs_0_microblaze_I/standalone_microblaze_mcs_0_microblaze_I/bsp/system.mss
TRACE::2023-08-01.00:10:43::SCWMssOS::Found a swdesign opened with the mssfile.
TRACE::2023-08-01.00:10:43::SCWMssOS::Completed writemss as part of save.
TRACE::2023-08-01.00:10:43::SCWMssOS::Commit changes completed.
TRACE::2023-08-01.00:10:43::SCWPlatform::Trying to open the hw design at C:/Users/hexad/Documents/Artix-7/UART/SDK/uart_proc_wrapper/hw/uart_proc_wrapper.xsa
TRACE::2023-08-01.00:10:43::SCWPlatform::DSA given C:/Users/hexad/Documents/Artix-7/UART/SDK/uart_proc_wrapper/hw/uart_proc_wrapper.xsa
TRACE::2023-08-01.00:10:43::SCWPlatform::DSA absoulate path C:/Users/hexad/Documents/Artix-7/UART/SDK/uart_proc_wrapper/hw/uart_proc_wrapper.xsa
TRACE::2023-08-01.00:10:43::SCWPlatform::DSA directory C:/Users/hexad/Documents/Artix-7/UART/SDK/uart_proc_wrapper/hw
TRACE::2023-08-01.00:10:43::SCWPlatform:: Platform Path C:/Users/hexad/Documents/Artix-7/UART/SDK/uart_proc_wrapper/hw/uart_proc_wrapper.xsa
TRACE::2023-08-01.00:10:43::SCWPlatform:: Unique name xilinx:::0.0
TRACE::2023-08-01.00:10:43::SCWPlatform::Trying to set the existing hwdb with name uart_proc_wrapper_0
TRACE::2023-08-01.00:10:43::SCWPlatform::Opened existing hwdb uart_proc_wrapper_0
TRACE::2023-08-01.00:10:43::SCWPlatform::Found the Hw Db part of the input DSA
TRACE::2023-08-01.00:10:43::SCWMssOS::Checking the sw design at  C:/Users/hexad/Documents/Artix-7/UART/SDK/uart_proc_wrapper/microblaze_mcs_0_microblaze_I/standalone_microblaze_mcs_0_microblaze_I/bsp/system.mss
TRACE::2023-08-01.00:10:43::SCWMssOS::DEBUG:  swdes dump  C:/Users/hexad/Documents/Artix-7/UART/SDK/uart_proc_wrapper/microblaze_mcs_0_microblaze_I/standalone_microblaze_mcs_0_microblaze_I/bsp/system.mss|system||

TRACE::2023-08-01.00:10:43::SCWMssOS::Sw design exists and opened at  C:/Users/hexad/Documents/Artix-7/UART/SDK/uart_proc_wrapper/microblaze_mcs_0_microblaze_I/standalone_microblaze_mcs_0_microblaze_I/bsp/system.mss
TRACE::2023-08-01.00:10:43::SCWPlatform::Trying to open the hw design at C:/Users/hexad/Documents/Artix-7/UART/SDK/uart_proc_wrapper/hw/uart_proc_wrapper.xsa
TRACE::2023-08-01.00:10:43::SCWPlatform::DSA given C:/Users/hexad/Documents/Artix-7/UART/SDK/uart_proc_wrapper/hw/uart_proc_wrapper.xsa
TRACE::2023-08-01.00:10:43::SCWPlatform::DSA absoulate path C:/Users/hexad/Documents/Artix-7/UART/SDK/uart_proc_wrapper/hw/uart_proc_wrapper.xsa
TRACE::2023-08-01.00:10:43::SCWPlatform::DSA directory C:/Users/hexad/Documents/Artix-7/UART/SDK/uart_proc_wrapper/hw
TRACE::2023-08-01.00:10:43::SCWPlatform:: Platform Path C:/Users/hexad/Documents/Artix-7/UART/SDK/uart_proc_wrapper/hw/uart_proc_wrapper.xsa
TRACE::2023-08-01.00:10:43::SCWPlatform:: Unique name xilinx:::0.0
TRACE::2023-08-01.00:10:43::SCWPlatform::Trying to set the existing hwdb with name uart_proc_wrapper_0
TRACE::2023-08-01.00:10:43::SCWPlatform::Opened existing hwdb uart_proc_wrapper_0
TRACE::2023-08-01.00:10:43::SCWPlatform::Found the Hw Db part of the input DSA
TRACE::2023-08-01.00:10:43::SCWMssOS::Checking the sw design at  C:/Users/hexad/Documents/Artix-7/UART/SDK/uart_proc_wrapper/microblaze_mcs_0_microblaze_I/standalone_microblaze_mcs_0_microblaze_I/bsp/system.mss
TRACE::2023-08-01.00:10:43::SCWMssOS::DEBUG:  swdes dump  C:/Users/hexad/Documents/Artix-7/UART/SDK/uart_proc_wrapper/microblaze_mcs_0_microblaze_I/standalone_microblaze_mcs_0_microblaze_I/bsp/system.mss|system||

TRACE::2023-08-01.00:10:43::SCWMssOS::Sw design exists and opened at  C:/Users/hexad/Documents/Artix-7/UART/SDK/uart_proc_wrapper/microblaze_mcs_0_microblaze_I/standalone_microblaze_mcs_0_microblaze_I/bsp/system.mss
TRACE::2023-08-01.00:10:43::SCWPlatform::Trying to open the hw design at C:/Users/hexad/Documents/Artix-7/UART/SDK/uart_proc_wrapper/hw/uart_proc_wrapper.xsa
TRACE::2023-08-01.00:10:43::SCWPlatform::DSA given C:/Users/hexad/Documents/Artix-7/UART/SDK/uart_proc_wrapper/hw/uart_proc_wrapper.xsa
TRACE::2023-08-01.00:10:43::SCWPlatform::DSA absoulate path C:/Users/hexad/Documents/Artix-7/UART/SDK/uart_proc_wrapper/hw/uart_proc_wrapper.xsa
TRACE::2023-08-01.00:10:43::SCWPlatform::DSA directory C:/Users/hexad/Documents/Artix-7/UART/SDK/uart_proc_wrapper/hw
TRACE::2023-08-01.00:10:43::SCWPlatform:: Platform Path C:/Users/hexad/Documents/Artix-7/UART/SDK/uart_proc_wrapper/hw/uart_proc_wrapper.xsa
TRACE::2023-08-01.00:10:43::SCWPlatform:: Unique name xilinx:::0.0
TRACE::2023-08-01.00:10:43::SCWPlatform::Trying to set the existing hwdb with name uart_proc_wrapper_0
TRACE::2023-08-01.00:10:43::SCWPlatform::Opened existing hwdb uart_proc_wrapper_0
TRACE::2023-08-01.00:10:43::SCWPlatform::Found the Hw Db part of the input DSA
TRACE::2023-08-01.00:10:43::SCWMssOS::Checking the sw design at  C:/Users/hexad/Documents/Artix-7/UART/SDK/uart_proc_wrapper/microblaze_mcs_0_microblaze_I/standalone_microblaze_mcs_0_microblaze_I/bsp/system.mss
TRACE::2023-08-01.00:10:43::SCWMssOS::DEBUG:  swdes dump  C:/Users/hexad/Documents/Artix-7/UART/SDK/uart_proc_wrapper/microblaze_mcs_0_microblaze_I/standalone_microblaze_mcs_0_microblaze_I/bsp/system.mss|system||

TRACE::2023-08-01.00:10:43::SCWMssOS::Sw design exists and opened at  C:/Users/hexad/Documents/Artix-7/UART/SDK/uart_proc_wrapper/microblaze_mcs_0_microblaze_I/standalone_microblaze_mcs_0_microblaze_I/bsp/system.mss
TRACE::2023-08-01.00:10:43::SCWWriter::formatted JSON is {
	"platformName":	"uart_proc_wrapper",
	"sprVersion":	"2.0",
	"mode":	"gui",
	"dsaType":	"Fixed",
	"platformDesc":	"uart_proc_wrapper",
	"platHandOff":	"C:/Users/hexad/Documents/Artix-7/UART/uart_proc_wrapper.xsa",
	"platIntHandOff":	"<platformDir>/hw/uart_proc_wrapper.xsa",
	"deviceType":	"FPGA",
	"platIsPrebuiltAutogen":	"false",
	"platIsNoBootBsp":	"false",
	"hasFsblMakeHasChanges":	"false",
	"hasPmufwMakeHasChanges":	"false",
	"platPreBuiltFlag":	false,
	"platformSamplesDir":	"",
	"platActiveSys":	"uart_proc_wrapper",
	"systems":	[{
			"systemName":	"uart_proc_wrapper",
			"systemDesc":	"uart_proc_wrapper",
			"sysIsBootAutoGen":	"true",
			"systemDispName":	"uart_proc_wrapper",
			"sysActiveDom":	"standalone_microblaze_mcs_0_microblaze_I",
			"sysDefaultDom":	"standalone_microblaze_mcs_0_microblaze_I",
			"domains":	[{
					"domainName":	"standalone_microblaze_mcs_0_microblaze_I",
					"domainDispName":	"standalone_microblaze_mcs_0_microblaze_I",
					"domainDesc":	"standalone_microblaze_mcs_0_microblaze_I",
					"processors":	"microblaze_mcs_0_microblaze_I",
					"os":	"standalone",
					"sdxOs":	"standalone",
					"debugEnable":	"False",
					"domRuntimes":	["cpp"],
					"swRepo":	"",
					"mssOsVer":	"8.1",
					"mssFile":	"",
					"md5Digest":	"e74311f8c3a8ea62ce30a35f679d52f1",
					"compatibleApp":	"hello_world",
					"domType":	"mssDomain",
					"arch":	"32-bit",
					"appSettings":	{
						"appCompilerFlags":	"",
						"appLinkerFlags":	""
					},
					"addedLibs":	[],
					"libOptions":	{
						"libsContainingOptions":	[]
					},
					"prebuiltLibs":	{
						"prebuiltIncPath":	[],
						"prebuiltLibPath":	[]
					},
					"isolation":	{
					}
				}]
		}]
}
KEYINFO::2023-08-01.00:10:43::SCWPlatform::updated the xpfm file.
TRACE::2023-08-01.00:10:43::SCWPlatform::Trying to open the hw design at C:/Users/hexad/Documents/Artix-7/UART/SDK/uart_proc_wrapper/hw/uart_proc_wrapper.xsa
TRACE::2023-08-01.00:10:43::SCWPlatform::DSA given C:/Users/hexad/Documents/Artix-7/UART/SDK/uart_proc_wrapper/hw/uart_proc_wrapper.xsa
TRACE::2023-08-01.00:10:43::SCWPlatform::DSA absoulate path C:/Users/hexad/Documents/Artix-7/UART/SDK/uart_proc_wrapper/hw/uart_proc_wrapper.xsa
TRACE::2023-08-01.00:10:43::SCWPlatform::DSA directory C:/Users/hexad/Documents/Artix-7/UART/SDK/uart_proc_wrapper/hw
TRACE::2023-08-01.00:10:43::SCWPlatform:: Platform Path C:/Users/hexad/Documents/Artix-7/UART/SDK/uart_proc_wrapper/hw/uart_proc_wrapper.xsa
TRACE::2023-08-01.00:10:43::SCWPlatform:: Unique name xilinx:::0.0
TRACE::2023-08-01.00:10:43::SCWPlatform::Trying to set the existing hwdb with name uart_proc_wrapper_0
TRACE::2023-08-01.00:10:43::SCWPlatform::Opened existing hwdb uart_proc_wrapper_0
TRACE::2023-08-01.00:10:43::SCWPlatform::Found the Hw Db part of the input DSA
TRACE::2023-08-01.00:10:43::SCWMssOS::Checking the sw design at  C:/Users/hexad/Documents/Artix-7/UART/SDK/uart_proc_wrapper/microblaze_mcs_0_microblaze_I/standalone_microblaze_mcs_0_microblaze_I/bsp/system.mss
TRACE::2023-08-01.00:10:43::SCWMssOS::DEBUG:  swdes dump  C:/Users/hexad/Documents/Artix-7/UART/SDK/uart_proc_wrapper/microblaze_mcs_0_microblaze_I/standalone_microblaze_mcs_0_microblaze_I/bsp/system.mss|system||

TRACE::2023-08-01.00:10:43::SCWMssOS::Sw design exists and opened at  C:/Users/hexad/Documents/Artix-7/UART/SDK/uart_proc_wrapper/microblaze_mcs_0_microblaze_I/standalone_microblaze_mcs_0_microblaze_I/bsp/system.mss
TRACE::2023-08-01.00:10:43::SCWMssOS::Saving the mss changes C:/Users/hexad/Documents/Artix-7/UART/SDK/uart_proc_wrapper/microblaze_mcs_0_microblaze_I/standalone_microblaze_mcs_0_microblaze_I/bsp/system.mss
TRACE::2023-08-01.00:10:43::SCWMssOS::Found a swdesign opened with the mssfile.
TRACE::2023-08-01.00:10:43::SCWMssOS::Completed writemss as part of save.
TRACE::2023-08-01.00:10:43::SCWMssOS::Commit changes completed.
TRACE::2023-08-01.00:10:43::SCWPlatform::Trying to open the hw design at C:/Users/hexad/Documents/Artix-7/UART/SDK/uart_proc_wrapper/hw/uart_proc_wrapper.xsa
TRACE::2023-08-01.00:10:43::SCWPlatform::DSA given C:/Users/hexad/Documents/Artix-7/UART/SDK/uart_proc_wrapper/hw/uart_proc_wrapper.xsa
TRACE::2023-08-01.00:10:43::SCWPlatform::DSA absoulate path C:/Users/hexad/Documents/Artix-7/UART/SDK/uart_proc_wrapper/hw/uart_proc_wrapper.xsa
TRACE::2023-08-01.00:10:43::SCWPlatform::DSA directory C:/Users/hexad/Documents/Artix-7/UART/SDK/uart_proc_wrapper/hw
TRACE::2023-08-01.00:10:43::SCWPlatform:: Platform Path C:/Users/hexad/Documents/Artix-7/UART/SDK/uart_proc_wrapper/hw/uart_proc_wrapper.xsa
TRACE::2023-08-01.00:10:43::SCWPlatform:: Unique name xilinx:::0.0
TRACE::2023-08-01.00:10:43::SCWPlatform::Trying to set the existing hwdb with name uart_proc_wrapper_0
TRACE::2023-08-01.00:10:43::SCWPlatform::Opened existing hwdb uart_proc_wrapper_0
TRACE::2023-08-01.00:10:43::SCWPlatform::Found the Hw Db part of the input DSA
TRACE::2023-08-01.00:10:43::SCWMssOS::Checking the sw design at  C:/Users/hexad/Documents/Artix-7/UART/SDK/uart_proc_wrapper/microblaze_mcs_0_microblaze_I/standalone_microblaze_mcs_0_microblaze_I/bsp/system.mss
TRACE::2023-08-01.00:10:43::SCWMssOS::DEBUG:  swdes dump  C:/Users/hexad/Documents/Artix-7/UART/SDK/uart_proc_wrapper/microblaze_mcs_0_microblaze_I/standalone_microblaze_mcs_0_microblaze_I/bsp/system.mss|system||

TRACE::2023-08-01.00:10:43::SCWMssOS::Sw design exists and opened at  C:/Users/hexad/Documents/Artix-7/UART/SDK/uart_proc_wrapper/microblaze_mcs_0_microblaze_I/standalone_microblaze_mcs_0_microblaze_I/bsp/system.mss
TRACE::2023-08-01.00:10:43::SCWPlatform::Trying to open the hw design at C:/Users/hexad/Documents/Artix-7/UART/SDK/uart_proc_wrapper/hw/uart_proc_wrapper.xsa
TRACE::2023-08-01.00:10:43::SCWPlatform::DSA given C:/Users/hexad/Documents/Artix-7/UART/SDK/uart_proc_wrapper/hw/uart_proc_wrapper.xsa
TRACE::2023-08-01.00:10:43::SCWPlatform::DSA absoulate path C:/Users/hexad/Documents/Artix-7/UART/SDK/uart_proc_wrapper/hw/uart_proc_wrapper.xsa
TRACE::2023-08-01.00:10:43::SCWPlatform::DSA directory C:/Users/hexad/Documents/Artix-7/UART/SDK/uart_proc_wrapper/hw
TRACE::2023-08-01.00:10:43::SCWPlatform:: Platform Path C:/Users/hexad/Documents/Artix-7/UART/SDK/uart_proc_wrapper/hw/uart_proc_wrapper.xsa
TRACE::2023-08-01.00:10:43::SCWPlatform:: Unique name xilinx:::0.0
TRACE::2023-08-01.00:10:43::SCWPlatform::Trying to set the existing hwdb with name uart_proc_wrapper_0
TRACE::2023-08-01.00:10:43::SCWPlatform::Opened existing hwdb uart_proc_wrapper_0
TRACE::2023-08-01.00:10:43::SCWPlatform::Found the Hw Db part of the input DSA
TRACE::2023-08-01.00:10:43::SCWMssOS::Checking the sw design at  C:/Users/hexad/Documents/Artix-7/UART/SDK/uart_proc_wrapper/microblaze_mcs_0_microblaze_I/standalone_microblaze_mcs_0_microblaze_I/bsp/system.mss
TRACE::2023-08-01.00:10:43::SCWMssOS::DEBUG:  swdes dump  C:/Users/hexad/Documents/Artix-7/UART/SDK/uart_proc_wrapper/microblaze_mcs_0_microblaze_I/standalone_microblaze_mcs_0_microblaze_I/bsp/system.mss|system||

TRACE::2023-08-01.00:10:43::SCWMssOS::Sw design exists and opened at  C:/Users/hexad/Documents/Artix-7/UART/SDK/uart_proc_wrapper/microblaze_mcs_0_microblaze_I/standalone_microblaze_mcs_0_microblaze_I/bsp/system.mss
TRACE::2023-08-01.00:10:43::SCWPlatform::Trying to open the hw design at C:/Users/hexad/Documents/Artix-7/UART/SDK/uart_proc_wrapper/hw/uart_proc_wrapper.xsa
TRACE::2023-08-01.00:10:43::SCWPlatform::DSA given C:/Users/hexad/Documents/Artix-7/UART/SDK/uart_proc_wrapper/hw/uart_proc_wrapper.xsa
TRACE::2023-08-01.00:10:43::SCWPlatform::DSA absoulate path C:/Users/hexad/Documents/Artix-7/UART/SDK/uart_proc_wrapper/hw/uart_proc_wrapper.xsa
TRACE::2023-08-01.00:10:43::SCWPlatform::DSA directory C:/Users/hexad/Documents/Artix-7/UART/SDK/uart_proc_wrapper/hw
TRACE::2023-08-01.00:10:43::SCWPlatform:: Platform Path C:/Users/hexad/Documents/Artix-7/UART/SDK/uart_proc_wrapper/hw/uart_proc_wrapper.xsa
TRACE::2023-08-01.00:10:43::SCWPlatform:: Unique name xilinx:::0.0
TRACE::2023-08-01.00:10:43::SCWPlatform::Trying to set the existing hwdb with name uart_proc_wrapper_0
TRACE::2023-08-01.00:10:43::SCWPlatform::Opened existing hwdb uart_proc_wrapper_0
TRACE::2023-08-01.00:10:43::SCWPlatform::Found the Hw Db part of the input DSA
TRACE::2023-08-01.00:10:43::SCWMssOS::Checking the sw design at  C:/Users/hexad/Documents/Artix-7/UART/SDK/uart_proc_wrapper/microblaze_mcs_0_microblaze_I/standalone_microblaze_mcs_0_microblaze_I/bsp/system.mss
TRACE::2023-08-01.00:10:43::SCWMssOS::DEBUG:  swdes dump  C:/Users/hexad/Documents/Artix-7/UART/SDK/uart_proc_wrapper/microblaze_mcs_0_microblaze_I/standalone_microblaze_mcs_0_microblaze_I/bsp/system.mss|system||

TRACE::2023-08-01.00:10:43::SCWMssOS::Sw design exists and opened at  C:/Users/hexad/Documents/Artix-7/UART/SDK/uart_proc_wrapper/microblaze_mcs_0_microblaze_I/standalone_microblaze_mcs_0_microblaze_I/bsp/system.mss
TRACE::2023-08-01.00:10:43::SCWWriter::formatted JSON is {
	"platformName":	"uart_proc_wrapper",
	"sprVersion":	"2.0",
	"mode":	"gui",
	"dsaType":	"Fixed",
	"platformDesc":	"uart_proc_wrapper",
	"platHandOff":	"C:/Users/hexad/Documents/Artix-7/UART/uart_proc_wrapper.xsa",
	"platIntHandOff":	"<platformDir>/hw/uart_proc_wrapper.xsa",
	"deviceType":	"FPGA",
	"platIsPrebuiltAutogen":	"false",
	"platIsNoBootBsp":	"false",
	"hasFsblMakeHasChanges":	"false",
	"hasPmufwMakeHasChanges":	"false",
	"platPreBuiltFlag":	false,
	"platformSamplesDir":	"",
	"platActiveSys":	"uart_proc_wrapper",
	"systems":	[{
			"systemName":	"uart_proc_wrapper",
			"systemDesc":	"uart_proc_wrapper",
			"sysIsBootAutoGen":	"true",
			"systemDispName":	"uart_proc_wrapper",
			"sysActiveDom":	"standalone_microblaze_mcs_0_microblaze_I",
			"sysDefaultDom":	"standalone_microblaze_mcs_0_microblaze_I",
			"domains":	[{
					"domainName":	"standalone_microblaze_mcs_0_microblaze_I",
					"domainDispName":	"standalone_microblaze_mcs_0_microblaze_I",
					"domainDesc":	"standalone_microblaze_mcs_0_microblaze_I",
					"processors":	"microblaze_mcs_0_microblaze_I",
					"os":	"standalone",
					"sdxOs":	"standalone",
					"debugEnable":	"False",
					"domRuntimes":	["cpp"],
					"swRepo":	"",
					"mssOsVer":	"8.1",
					"mssFile":	"",
					"md5Digest":	"e74311f8c3a8ea62ce30a35f679d52f1",
					"compatibleApp":	"hello_world",
					"domType":	"mssDomain",
					"arch":	"32-bit",
					"appSettings":	{
						"appCompilerFlags":	"",
						"appLinkerFlags":	""
					},
					"addedLibs":	[],
					"libOptions":	{
						"libsContainingOptions":	[]
					},
					"prebuiltLibs":	{
						"prebuiltIncPath":	[],
						"prebuiltLibPath":	[]
					},
					"isolation":	{
					}
				}]
		}]
}
TRACE::2023-08-01.00:10:43::SCWPlatform::Trying to open the hw design at C:/Users/hexad/Documents/Artix-7/UART/SDK/uart_proc_wrapper/hw/uart_proc_wrapper.xsa
TRACE::2023-08-01.00:10:43::SCWPlatform::DSA given C:/Users/hexad/Documents/Artix-7/UART/SDK/uart_proc_wrapper/hw/uart_proc_wrapper.xsa
TRACE::2023-08-01.00:10:43::SCWPlatform::DSA absoulate path C:/Users/hexad/Documents/Artix-7/UART/SDK/uart_proc_wrapper/hw/uart_proc_wrapper.xsa
TRACE::2023-08-01.00:10:43::SCWPlatform::DSA directory C:/Users/hexad/Documents/Artix-7/UART/SDK/uart_proc_wrapper/hw
TRACE::2023-08-01.00:10:43::SCWPlatform:: Platform Path C:/Users/hexad/Documents/Artix-7/UART/SDK/uart_proc_wrapper/hw/uart_proc_wrapper.xsa
TRACE::2023-08-01.00:10:43::SCWPlatform:: Unique name xilinx:::0.0
TRACE::2023-08-01.00:10:43::SCWPlatform::Trying to set the existing hwdb with name uart_proc_wrapper_0
TRACE::2023-08-01.00:10:43::SCWPlatform::Opened existing hwdb uart_proc_wrapper_0
TRACE::2023-08-01.00:10:43::SCWPlatform::Found the Hw Db part of the input DSA
TRACE::2023-08-01.00:10:43::SCWMssOS::Checking the sw design at  C:/Users/hexad/Documents/Artix-7/UART/SDK/uart_proc_wrapper/microblaze_mcs_0_microblaze_I/standalone_microblaze_mcs_0_microblaze_I/bsp/system.mss
TRACE::2023-08-01.00:10:43::SCWMssOS::DEBUG:  swdes dump  C:/Users/hexad/Documents/Artix-7/UART/SDK/uart_proc_wrapper/microblaze_mcs_0_microblaze_I/standalone_microblaze_mcs_0_microblaze_I/bsp/system.mss|system||

TRACE::2023-08-01.00:10:43::SCWMssOS::Sw design exists and opened at  C:/Users/hexad/Documents/Artix-7/UART/SDK/uart_proc_wrapper/microblaze_mcs_0_microblaze_I/standalone_microblaze_mcs_0_microblaze_I/bsp/system.mss
TRACE::2023-08-01.00:10:43::SCWPlatform::Trying to open the hw design at C:/Users/hexad/Documents/Artix-7/UART/SDK/uart_proc_wrapper/hw/uart_proc_wrapper.xsa
TRACE::2023-08-01.00:10:43::SCWPlatform::DSA given C:/Users/hexad/Documents/Artix-7/UART/SDK/uart_proc_wrapper/hw/uart_proc_wrapper.xsa
TRACE::2023-08-01.00:10:43::SCWPlatform::DSA absoulate path C:/Users/hexad/Documents/Artix-7/UART/SDK/uart_proc_wrapper/hw/uart_proc_wrapper.xsa
TRACE::2023-08-01.00:10:43::SCWPlatform::DSA directory C:/Users/hexad/Documents/Artix-7/UART/SDK/uart_proc_wrapper/hw
TRACE::2023-08-01.00:10:43::SCWPlatform:: Platform Path C:/Users/hexad/Documents/Artix-7/UART/SDK/uart_proc_wrapper/hw/uart_proc_wrapper.xsa
TRACE::2023-08-01.00:10:43::SCWPlatform:: Unique name xilinx:::0.0
TRACE::2023-08-01.00:10:43::SCWPlatform::Trying to set the existing hwdb with name uart_proc_wrapper_0
TRACE::2023-08-01.00:10:43::SCWPlatform::Opened existing hwdb uart_proc_wrapper_0
TRACE::2023-08-01.00:10:43::SCWPlatform::Found the Hw Db part of the input DSA
TRACE::2023-08-01.00:10:43::SCWMssOS::Checking the sw design at  C:/Users/hexad/Documents/Artix-7/UART/SDK/uart_proc_wrapper/microblaze_mcs_0_microblaze_I/standalone_microblaze_mcs_0_microblaze_I/bsp/system.mss
TRACE::2023-08-01.00:10:43::SCWMssOS::DEBUG:  swdes dump  C:/Users/hexad/Documents/Artix-7/UART/SDK/uart_proc_wrapper/microblaze_mcs_0_microblaze_I/standalone_microblaze_mcs_0_microblaze_I/bsp/system.mss|system||

TRACE::2023-08-01.00:10:43::SCWMssOS::Sw design exists and opened at  C:/Users/hexad/Documents/Artix-7/UART/SDK/uart_proc_wrapper/microblaze_mcs_0_microblaze_I/standalone_microblaze_mcs_0_microblaze_I/bsp/system.mss
TRACE::2023-08-01.00:10:43::SCWMssOS::Saving the mss changes C:/Users/hexad/Documents/Artix-7/UART/SDK/uart_proc_wrapper/microblaze_mcs_0_microblaze_I/standalone_microblaze_mcs_0_microblaze_I/bsp/system.mss
TRACE::2023-08-01.00:10:43::SCWMssOS::Found a swdesign opened with the mssfile.
TRACE::2023-08-01.00:10:43::SCWMssOS::Completed writemss as part of save.
TRACE::2023-08-01.00:10:43::SCWMssOS::Commit changes completed.
TRACE::2023-08-01.00:10:43::SCWPlatform::Trying to open the hw design at C:/Users/hexad/Documents/Artix-7/UART/SDK/uart_proc_wrapper/hw/uart_proc_wrapper.xsa
TRACE::2023-08-01.00:10:43::SCWPlatform::DSA given C:/Users/hexad/Documents/Artix-7/UART/SDK/uart_proc_wrapper/hw/uart_proc_wrapper.xsa
TRACE::2023-08-01.00:10:43::SCWPlatform::DSA absoulate path C:/Users/hexad/Documents/Artix-7/UART/SDK/uart_proc_wrapper/hw/uart_proc_wrapper.xsa
TRACE::2023-08-01.00:10:43::SCWPlatform::DSA directory C:/Users/hexad/Documents/Artix-7/UART/SDK/uart_proc_wrapper/hw
TRACE::2023-08-01.00:10:43::SCWPlatform:: Platform Path C:/Users/hexad/Documents/Artix-7/UART/SDK/uart_proc_wrapper/hw/uart_proc_wrapper.xsa
TRACE::2023-08-01.00:10:43::SCWPlatform:: Unique name xilinx:::0.0
TRACE::2023-08-01.00:10:43::SCWPlatform::Trying to set the existing hwdb with name uart_proc_wrapper_0
TRACE::2023-08-01.00:10:43::SCWPlatform::Opened existing hwdb uart_proc_wrapper_0
TRACE::2023-08-01.00:10:43::SCWPlatform::Found the Hw Db part of the input DSA
TRACE::2023-08-01.00:10:43::SCWMssOS::Checking the sw design at  C:/Users/hexad/Documents/Artix-7/UART/SDK/uart_proc_wrapper/microblaze_mcs_0_microblaze_I/standalone_microblaze_mcs_0_microblaze_I/bsp/system.mss
TRACE::2023-08-01.00:10:43::SCWMssOS::DEBUG:  swdes dump  C:/Users/hexad/Documents/Artix-7/UART/SDK/uart_proc_wrapper/microblaze_mcs_0_microblaze_I/standalone_microblaze_mcs_0_microblaze_I/bsp/system.mss|system||

TRACE::2023-08-01.00:10:43::SCWMssOS::Sw design exists and opened at  C:/Users/hexad/Documents/Artix-7/UART/SDK/uart_proc_wrapper/microblaze_mcs_0_microblaze_I/standalone_microblaze_mcs_0_microblaze_I/bsp/system.mss
TRACE::2023-08-01.00:10:43::SCWPlatform::Trying to open the hw design at C:/Users/hexad/Documents/Artix-7/UART/SDK/uart_proc_wrapper/hw/uart_proc_wrapper.xsa
TRACE::2023-08-01.00:10:43::SCWPlatform::DSA given C:/Users/hexad/Documents/Artix-7/UART/SDK/uart_proc_wrapper/hw/uart_proc_wrapper.xsa
TRACE::2023-08-01.00:10:43::SCWPlatform::DSA absoulate path C:/Users/hexad/Documents/Artix-7/UART/SDK/uart_proc_wrapper/hw/uart_proc_wrapper.xsa
TRACE::2023-08-01.00:10:43::SCWPlatform::DSA directory C:/Users/hexad/Documents/Artix-7/UART/SDK/uart_proc_wrapper/hw
TRACE::2023-08-01.00:10:43::SCWPlatform:: Platform Path C:/Users/hexad/Documents/Artix-7/UART/SDK/uart_proc_wrapper/hw/uart_proc_wrapper.xsa
TRACE::2023-08-01.00:10:43::SCWPlatform:: Unique name xilinx:::0.0
TRACE::2023-08-01.00:10:43::SCWPlatform::Trying to set the existing hwdb with name uart_proc_wrapper_0
TRACE::2023-08-01.00:10:43::SCWPlatform::Opened existing hwdb uart_proc_wrapper_0
TRACE::2023-08-01.00:10:43::SCWPlatform::Found the Hw Db part of the input DSA
TRACE::2023-08-01.00:10:43::SCWMssOS::Checking the sw design at  C:/Users/hexad/Documents/Artix-7/UART/SDK/uart_proc_wrapper/microblaze_mcs_0_microblaze_I/standalone_microblaze_mcs_0_microblaze_I/bsp/system.mss
TRACE::2023-08-01.00:10:43::SCWMssOS::DEBUG:  swdes dump  C:/Users/hexad/Documents/Artix-7/UART/SDK/uart_proc_wrapper/microblaze_mcs_0_microblaze_I/standalone_microblaze_mcs_0_microblaze_I/bsp/system.mss|system||

TRACE::2023-08-01.00:10:43::SCWMssOS::Sw design exists and opened at  C:/Users/hexad/Documents/Artix-7/UART/SDK/uart_proc_wrapper/microblaze_mcs_0_microblaze_I/standalone_microblaze_mcs_0_microblaze_I/bsp/system.mss
TRACE::2023-08-01.00:10:43::SCWPlatform::Trying to open the hw design at C:/Users/hexad/Documents/Artix-7/UART/SDK/uart_proc_wrapper/hw/uart_proc_wrapper.xsa
TRACE::2023-08-01.00:10:43::SCWPlatform::DSA given C:/Users/hexad/Documents/Artix-7/UART/SDK/uart_proc_wrapper/hw/uart_proc_wrapper.xsa
TRACE::2023-08-01.00:10:43::SCWPlatform::DSA absoulate path C:/Users/hexad/Documents/Artix-7/UART/SDK/uart_proc_wrapper/hw/uart_proc_wrapper.xsa
TRACE::2023-08-01.00:10:43::SCWPlatform::DSA directory C:/Users/hexad/Documents/Artix-7/UART/SDK/uart_proc_wrapper/hw
TRACE::2023-08-01.00:10:43::SCWPlatform:: Platform Path C:/Users/hexad/Documents/Artix-7/UART/SDK/uart_proc_wrapper/hw/uart_proc_wrapper.xsa
TRACE::2023-08-01.00:10:43::SCWPlatform:: Unique name xilinx:::0.0
TRACE::2023-08-01.00:10:43::SCWPlatform::Trying to set the existing hwdb with name uart_proc_wrapper_0
TRACE::2023-08-01.00:10:43::SCWPlatform::Opened existing hwdb uart_proc_wrapper_0
TRACE::2023-08-01.00:10:43::SCWPlatform::Found the Hw Db part of the input DSA
TRACE::2023-08-01.00:10:43::SCWMssOS::Checking the sw design at  C:/Users/hexad/Documents/Artix-7/UART/SDK/uart_proc_wrapper/microblaze_mcs_0_microblaze_I/standalone_microblaze_mcs_0_microblaze_I/bsp/system.mss
TRACE::2023-08-01.00:10:43::SCWMssOS::DEBUG:  swdes dump  C:/Users/hexad/Documents/Artix-7/UART/SDK/uart_proc_wrapper/microblaze_mcs_0_microblaze_I/standalone_microblaze_mcs_0_microblaze_I/bsp/system.mss|system||

TRACE::2023-08-01.00:10:43::SCWMssOS::Sw design exists and opened at  C:/Users/hexad/Documents/Artix-7/UART/SDK/uart_proc_wrapper/microblaze_mcs_0_microblaze_I/standalone_microblaze_mcs_0_microblaze_I/bsp/system.mss
TRACE::2023-08-01.00:10:43::SCWWriter::formatted JSON is {
	"platformName":	"uart_proc_wrapper",
	"sprVersion":	"2.0",
	"mode":	"gui",
	"dsaType":	"Fixed",
	"platformDesc":	"uart_proc_wrapper",
	"platHandOff":	"C:/Users/hexad/Documents/Artix-7/UART/uart_proc_wrapper.xsa",
	"platIntHandOff":	"<platformDir>/hw/uart_proc_wrapper.xsa",
	"deviceType":	"FPGA",
	"platIsPrebuiltAutogen":	"false",
	"platIsNoBootBsp":	"false",
	"hasFsblMakeHasChanges":	"false",
	"hasPmufwMakeHasChanges":	"false",
	"platPreBuiltFlag":	false,
	"platformSamplesDir":	"",
	"platActiveSys":	"uart_proc_wrapper",
	"systems":	[{
			"systemName":	"uart_proc_wrapper",
			"systemDesc":	"uart_proc_wrapper",
			"sysIsBootAutoGen":	"true",
			"systemDispName":	"uart_proc_wrapper",
			"sysActiveDom":	"standalone_microblaze_mcs_0_microblaze_I",
			"sysDefaultDom":	"standalone_microblaze_mcs_0_microblaze_I",
			"domains":	[{
					"domainName":	"standalone_microblaze_mcs_0_microblaze_I",
					"domainDispName":	"standalone_microblaze_mcs_0_microblaze_I",
					"domainDesc":	"standalone_microblaze_mcs_0_microblaze_I",
					"processors":	"microblaze_mcs_0_microblaze_I",
					"os":	"standalone",
					"sdxOs":	"standalone",
					"debugEnable":	"False",
					"domRuntimes":	["cpp"],
					"swRepo":	"",
					"mssOsVer":	"8.1",
					"mssFile":	"",
					"md5Digest":	"e74311f8c3a8ea62ce30a35f679d52f1",
					"compatibleApp":	"hello_world",
					"domType":	"mssDomain",
					"arch":	"32-bit",
					"appSettings":	{
						"appCompilerFlags":	"",
						"appLinkerFlags":	""
					},
					"addedLibs":	[],
					"libOptions":	{
						"libsContainingOptions":	[]
					},
					"prebuiltLibs":	{
						"prebuiltIncPath":	[],
						"prebuiltLibPath":	[]
					},
					"isolation":	{
					}
				}]
		}]
}
LOG::2023-08-01.00:10:43::SCWPlatform::Started generating the artifacts platform uart_proc_wrapper
TRACE::2023-08-01.00:10:43::SCWPlatform::Sanity checking of platform is completed
LOG::2023-08-01.00:10:43::SCWPlatform::Started generating the artifacts for system configuration uart_proc_wrapper
LOG::2023-08-01.00:10:43::SCWSystem::Started Processing the domain standalone_microblaze_mcs_0_microblaze_I
TRACE::2023-08-01.00:10:43::SCWDomain::Generating domain artifcats
TRACE::2023-08-01.00:10:43::SCWMssOS::Generating standalone artifcats
TRACE::2023-08-01.00:10:43::SCWMssOS:: Copying the user libraries. 
TRACE::2023-08-01.00:10:43::SCWPlatform::Trying to open the hw design at C:/Users/hexad/Documents/Artix-7/UART/SDK/uart_proc_wrapper/hw/uart_proc_wrapper.xsa
TRACE::2023-08-01.00:10:43::SCWPlatform::DSA given C:/Users/hexad/Documents/Artix-7/UART/SDK/uart_proc_wrapper/hw/uart_proc_wrapper.xsa
TRACE::2023-08-01.00:10:43::SCWPlatform::DSA absoulate path C:/Users/hexad/Documents/Artix-7/UART/SDK/uart_proc_wrapper/hw/uart_proc_wrapper.xsa
TRACE::2023-08-01.00:10:43::SCWPlatform::DSA directory C:/Users/hexad/Documents/Artix-7/UART/SDK/uart_proc_wrapper/hw
TRACE::2023-08-01.00:10:43::SCWPlatform:: Platform Path C:/Users/hexad/Documents/Artix-7/UART/SDK/uart_proc_wrapper/hw/uart_proc_wrapper.xsa
TRACE::2023-08-01.00:10:43::SCWPlatform:: Unique name xilinx:::0.0
TRACE::2023-08-01.00:10:43::SCWPlatform::Trying to set the existing hwdb with name uart_proc_wrapper_0
TRACE::2023-08-01.00:10:43::SCWPlatform::Opened existing hwdb uart_proc_wrapper_0
TRACE::2023-08-01.00:10:43::SCWPlatform::Found the Hw Db part of the input DSA
TRACE::2023-08-01.00:10:43::SCWMssOS::Checking the sw design at  C:/Users/hexad/Documents/Artix-7/UART/SDK/uart_proc_wrapper/microblaze_mcs_0_microblaze_I/standalone_microblaze_mcs_0_microblaze_I/bsp/system.mss
TRACE::2023-08-01.00:10:43::SCWMssOS::DEBUG:  swdes dump  C:/Users/hexad/Documents/Artix-7/UART/SDK/uart_proc_wrapper/microblaze_mcs_0_microblaze_I/standalone_microblaze_mcs_0_microblaze_I/bsp/system.mss|system||

TRACE::2023-08-01.00:10:43::SCWMssOS::Sw design exists and opened at  C:/Users/hexad/Documents/Artix-7/UART/SDK/uart_proc_wrapper/microblaze_mcs_0_microblaze_I/standalone_microblaze_mcs_0_microblaze_I/bsp/system.mss
TRACE::2023-08-01.00:10:43::SCWMssOS::Completed writing the mss file at C:/Users/hexad/Documents/Artix-7/UART/SDK/uart_proc_wrapper/microblaze_mcs_0_microblaze_I/standalone_microblaze_mcs_0_microblaze_I/bsp
TRACE::2023-08-01.00:10:43::SCWMssOS::Mss edits present, copying mssfile into export location C:/Users/hexad/Documents/Artix-7/UART/SDK/uart_proc_wrapper/microblaze_mcs_0_microblaze_I/standalone_microblaze_mcs_0_microblaze_I/bsp/system.mss
TRACE::2023-08-01.00:10:43::SCWMssOS::bsp generated is upto date with the mss file. Skipping bsp generation.
TRACE::2023-08-01.00:10:43::SCWMssOS::BSP is already built. skipping the bsp build ... 
TRACE::2023-08-01.00:10:43::SCWDomain::Building the domain as part of full build :  standalone_microblaze_mcs_0_microblaze_I
TRACE::2023-08-01.00:10:43::SCWMssOS::skipping the bsp build ... 
TRACE::2023-08-01.00:10:43::SCWMssOS::Copying to export directory.
TRACE::2023-08-01.00:10:43::SCWMssOS:: Checking if to create the Supporting Applications
TRACE::2023-08-01.00:10:43::SCWMssOS:: No Linux domain exists, trying to generate FSBL 
LOG::2023-08-01.00:10:43::SCWSystem::Completed Processing the domain standalone_microblaze_mcs_0_microblaze_I
LOG::2023-08-01.00:10:43::SCWSystem::Completed Processing the sysconfig uart_proc_wrapper
LOG::2023-08-01.00:10:43::SCWPlatform::Completed generating the artifacts for system configuration uart_proc_wrapper
TRACE::2023-08-01.00:10:43::SCWPlatform::Started preparing the platform 
TRACE::2023-08-01.00:10:43::SCWSystem::Writing the bif file for system config uart_proc_wrapper
TRACE::2023-08-01.00:10:43::SCWSystem::dir created 
TRACE::2023-08-01.00:10:43::SCWSystem::Writing the bif 
TRACE::2023-08-01.00:10:43::SCWPlatform::Started writing the spfm file 
TRACE::2023-08-01.00:10:43::SCWPlatform::Started writing the xpfm file 
TRACE::2023-08-01.00:10:43::SCWPlatform::Completed generating the platform
TRACE::2023-08-01.00:10:43::SCWMssOS::Saving the mss changes C:/Users/hexad/Documents/Artix-7/UART/SDK/uart_proc_wrapper/microblaze_mcs_0_microblaze_I/standalone_microblaze_mcs_0_microblaze_I/bsp/system.mss
TRACE::2023-08-01.00:10:43::SCWMssOS::Found a swdesign opened with the mssfile.
TRACE::2023-08-01.00:10:43::SCWMssOS::Completed writemss as part of save.
TRACE::2023-08-01.00:10:43::SCWMssOS::Commit changes completed.
TRACE::2023-08-01.00:10:43::SCWPlatform::Trying to open the hw design at C:/Users/hexad/Documents/Artix-7/UART/SDK/uart_proc_wrapper/hw/uart_proc_wrapper.xsa
TRACE::2023-08-01.00:10:43::SCWPlatform::DSA given C:/Users/hexad/Documents/Artix-7/UART/SDK/uart_proc_wrapper/hw/uart_proc_wrapper.xsa
TRACE::2023-08-01.00:10:43::SCWPlatform::DSA absoulate path C:/Users/hexad/Documents/Artix-7/UART/SDK/uart_proc_wrapper/hw/uart_proc_wrapper.xsa
TRACE::2023-08-01.00:10:43::SCWPlatform::DSA directory C:/Users/hexad/Documents/Artix-7/UART/SDK/uart_proc_wrapper/hw
TRACE::2023-08-01.00:10:43::SCWPlatform:: Platform Path C:/Users/hexad/Documents/Artix-7/UART/SDK/uart_proc_wrapper/hw/uart_proc_wrapper.xsa
TRACE::2023-08-01.00:10:43::SCWPlatform:: Unique name xilinx:::0.0
TRACE::2023-08-01.00:10:43::SCWPlatform::Trying to set the existing hwdb with name uart_proc_wrapper_0
TRACE::2023-08-01.00:10:43::SCWPlatform::Opened existing hwdb uart_proc_wrapper_0
TRACE::2023-08-01.00:10:43::SCWPlatform::Found the Hw Db part of the input DSA
TRACE::2023-08-01.00:10:43::SCWMssOS::Checking the sw design at  C:/Users/hexad/Documents/Artix-7/UART/SDK/uart_proc_wrapper/microblaze_mcs_0_microblaze_I/standalone_microblaze_mcs_0_microblaze_I/bsp/system.mss
TRACE::2023-08-01.00:10:43::SCWMssOS::DEBUG:  swdes dump  C:/Users/hexad/Documents/Artix-7/UART/SDK/uart_proc_wrapper/microblaze_mcs_0_microblaze_I/standalone_microblaze_mcs_0_microblaze_I/bsp/system.mss|system||

TRACE::2023-08-01.00:10:43::SCWMssOS::Sw design exists and opened at  C:/Users/hexad/Documents/Artix-7/UART/SDK/uart_proc_wrapper/microblaze_mcs_0_microblaze_I/standalone_microblaze_mcs_0_microblaze_I/bsp/system.mss
TRACE::2023-08-01.00:10:43::SCWPlatform::Trying to open the hw design at C:/Users/hexad/Documents/Artix-7/UART/SDK/uart_proc_wrapper/hw/uart_proc_wrapper.xsa
TRACE::2023-08-01.00:10:43::SCWPlatform::DSA given C:/Users/hexad/Documents/Artix-7/UART/SDK/uart_proc_wrapper/hw/uart_proc_wrapper.xsa
TRACE::2023-08-01.00:10:43::SCWPlatform::DSA absoulate path C:/Users/hexad/Documents/Artix-7/UART/SDK/uart_proc_wrapper/hw/uart_proc_wrapper.xsa
TRACE::2023-08-01.00:10:43::SCWPlatform::DSA directory C:/Users/hexad/Documents/Artix-7/UART/SDK/uart_proc_wrapper/hw
TRACE::2023-08-01.00:10:43::SCWPlatform:: Platform Path C:/Users/hexad/Documents/Artix-7/UART/SDK/uart_proc_wrapper/hw/uart_proc_wrapper.xsa
TRACE::2023-08-01.00:10:43::SCWPlatform:: Unique name xilinx:::0.0
TRACE::2023-08-01.00:10:43::SCWPlatform::Trying to set the existing hwdb with name uart_proc_wrapper_0
TRACE::2023-08-01.00:10:43::SCWPlatform::Opened existing hwdb uart_proc_wrapper_0
TRACE::2023-08-01.00:10:43::SCWPlatform::Found the Hw Db part of the input DSA
TRACE::2023-08-01.00:10:43::SCWMssOS::Checking the sw design at  C:/Users/hexad/Documents/Artix-7/UART/SDK/uart_proc_wrapper/microblaze_mcs_0_microblaze_I/standalone_microblaze_mcs_0_microblaze_I/bsp/system.mss
TRACE::2023-08-01.00:10:43::SCWMssOS::DEBUG:  swdes dump  C:/Users/hexad/Documents/Artix-7/UART/SDK/uart_proc_wrapper/microblaze_mcs_0_microblaze_I/standalone_microblaze_mcs_0_microblaze_I/bsp/system.mss|system||

TRACE::2023-08-01.00:10:43::SCWMssOS::Sw design exists and opened at  C:/Users/hexad/Documents/Artix-7/UART/SDK/uart_proc_wrapper/microblaze_mcs_0_microblaze_I/standalone_microblaze_mcs_0_microblaze_I/bsp/system.mss
TRACE::2023-08-01.00:10:43::SCWPlatform::Trying to open the hw design at C:/Users/hexad/Documents/Artix-7/UART/SDK/uart_proc_wrapper/hw/uart_proc_wrapper.xsa
TRACE::2023-08-01.00:10:43::SCWPlatform::DSA given C:/Users/hexad/Documents/Artix-7/UART/SDK/uart_proc_wrapper/hw/uart_proc_wrapper.xsa
TRACE::2023-08-01.00:10:43::SCWPlatform::DSA absoulate path C:/Users/hexad/Documents/Artix-7/UART/SDK/uart_proc_wrapper/hw/uart_proc_wrapper.xsa
TRACE::2023-08-01.00:10:43::SCWPlatform::DSA directory C:/Users/hexad/Documents/Artix-7/UART/SDK/uart_proc_wrapper/hw
TRACE::2023-08-01.00:10:43::SCWPlatform:: Platform Path C:/Users/hexad/Documents/Artix-7/UART/SDK/uart_proc_wrapper/hw/uart_proc_wrapper.xsa
TRACE::2023-08-01.00:10:43::SCWPlatform:: Unique name xilinx:::0.0
TRACE::2023-08-01.00:10:43::SCWPlatform::Trying to set the existing hwdb with name uart_proc_wrapper_0
TRACE::2023-08-01.00:10:43::SCWPlatform::Opened existing hwdb uart_proc_wrapper_0
TRACE::2023-08-01.00:10:43::SCWPlatform::Found the Hw Db part of the input DSA
TRACE::2023-08-01.00:10:43::SCWMssOS::Checking the sw design at  C:/Users/hexad/Documents/Artix-7/UART/SDK/uart_proc_wrapper/microblaze_mcs_0_microblaze_I/standalone_microblaze_mcs_0_microblaze_I/bsp/system.mss
TRACE::2023-08-01.00:10:43::SCWMssOS::DEBUG:  swdes dump  C:/Users/hexad/Documents/Artix-7/UART/SDK/uart_proc_wrapper/microblaze_mcs_0_microblaze_I/standalone_microblaze_mcs_0_microblaze_I/bsp/system.mss|system||

TRACE::2023-08-01.00:10:43::SCWMssOS::Sw design exists and opened at  C:/Users/hexad/Documents/Artix-7/UART/SDK/uart_proc_wrapper/microblaze_mcs_0_microblaze_I/standalone_microblaze_mcs_0_microblaze_I/bsp/system.mss
TRACE::2023-08-01.00:10:43::SCWWriter::formatted JSON is {
	"platformName":	"uart_proc_wrapper",
	"sprVersion":	"2.0",
	"mode":	"gui",
	"dsaType":	"Fixed",
	"platformDesc":	"uart_proc_wrapper",
	"platHandOff":	"C:/Users/hexad/Documents/Artix-7/UART/uart_proc_wrapper.xsa",
	"platIntHandOff":	"<platformDir>/hw/uart_proc_wrapper.xsa",
	"deviceType":	"FPGA",
	"platIsPrebuiltAutogen":	"false",
	"platIsNoBootBsp":	"false",
	"hasFsblMakeHasChanges":	"false",
	"hasPmufwMakeHasChanges":	"false",
	"platPreBuiltFlag":	false,
	"platformSamplesDir":	"",
	"platActiveSys":	"uart_proc_wrapper",
	"systems":	[{
			"systemName":	"uart_proc_wrapper",
			"systemDesc":	"uart_proc_wrapper",
			"sysIsBootAutoGen":	"true",
			"systemDispName":	"uart_proc_wrapper",
			"sysActiveDom":	"standalone_microblaze_mcs_0_microblaze_I",
			"sysDefaultDom":	"standalone_microblaze_mcs_0_microblaze_I",
			"domains":	[{
					"domainName":	"standalone_microblaze_mcs_0_microblaze_I",
					"domainDispName":	"standalone_microblaze_mcs_0_microblaze_I",
					"domainDesc":	"standalone_microblaze_mcs_0_microblaze_I",
					"processors":	"microblaze_mcs_0_microblaze_I",
					"os":	"standalone",
					"sdxOs":	"standalone",
					"debugEnable":	"False",
					"domRuntimes":	["cpp"],
					"swRepo":	"",
					"mssOsVer":	"8.1",
					"mssFile":	"",
					"md5Digest":	"e74311f8c3a8ea62ce30a35f679d52f1",
					"compatibleApp":	"hello_world",
					"domType":	"mssDomain",
					"arch":	"32-bit",
					"appSettings":	{
						"appCompilerFlags":	"",
						"appLinkerFlags":	""
					},
					"addedLibs":	[],
					"libOptions":	{
						"libsContainingOptions":	[]
					},
					"prebuiltLibs":	{
						"prebuiltIncPath":	[],
						"prebuiltLibPath":	[]
					},
					"isolation":	{
					}
				}]
		}]
}
KEYINFO::2023-08-01.00:10:43::SCWPlatform::updated the xpfm file.
LOG::2023-08-01.00:12:33::SCWPlatform::Started generating the artifacts platform uart_proc_wrapper
TRACE::2023-08-01.00:12:33::SCWPlatform::Sanity checking of platform is completed
LOG::2023-08-01.00:12:33::SCWPlatform::Started generating the artifacts for system configuration uart_proc_wrapper
LOG::2023-08-01.00:12:33::SCWSystem::Checking the domain standalone_microblaze_mcs_0_microblaze_I
LOG::2023-08-01.00:12:33::SCWSystem::Not a boot domain 
LOG::2023-08-01.00:12:33::SCWSystem::Started Processing the domain standalone_microblaze_mcs_0_microblaze_I
TRACE::2023-08-01.00:12:33::SCWDomain::Generating domain artifcats
TRACE::2023-08-01.00:12:33::SCWMssOS::Generating standalone artifcats
TRACE::2023-08-01.00:12:33::SCWMssOS:: Copying the user libraries. 
TRACE::2023-08-01.00:12:33::SCWPlatform::Trying to open the hw design at C:/Users/hexad/Documents/Artix-7/UART/SDK/uart_proc_wrapper/hw/uart_proc_wrapper.xsa
TRACE::2023-08-01.00:12:33::SCWPlatform::DSA given C:/Users/hexad/Documents/Artix-7/UART/SDK/uart_proc_wrapper/hw/uart_proc_wrapper.xsa
TRACE::2023-08-01.00:12:33::SCWPlatform::DSA absoulate path C:/Users/hexad/Documents/Artix-7/UART/SDK/uart_proc_wrapper/hw/uart_proc_wrapper.xsa
TRACE::2023-08-01.00:12:33::SCWPlatform::DSA directory C:/Users/hexad/Documents/Artix-7/UART/SDK/uart_proc_wrapper/hw
TRACE::2023-08-01.00:12:33::SCWPlatform:: Platform Path C:/Users/hexad/Documents/Artix-7/UART/SDK/uart_proc_wrapper/hw/uart_proc_wrapper.xsa
TRACE::2023-08-01.00:12:33::SCWPlatform:: Unique name xilinx:::0.0
TRACE::2023-08-01.00:12:33::SCWPlatform::Trying to set the existing hwdb with name uart_proc_wrapper_0
TRACE::2023-08-01.00:12:33::SCWPlatform::Opened existing hwdb uart_proc_wrapper_0
TRACE::2023-08-01.00:12:33::SCWPlatform::Found the Hw Db part of the input DSA
TRACE::2023-08-01.00:12:33::SCWMssOS::Checking the sw design at  C:/Users/hexad/Documents/Artix-7/UART/SDK/uart_proc_wrapper/microblaze_mcs_0_microblaze_I/standalone_microblaze_mcs_0_microblaze_I/bsp/system.mss
TRACE::2023-08-01.00:12:33::SCWMssOS::DEBUG:  swdes dump  C:/Users/hexad/Documents/Artix-7/UART/SDK/uart_proc_wrapper/microblaze_mcs_0_microblaze_I/standalone_microblaze_mcs_0_microblaze_I/bsp/system.mss|system||

TRACE::2023-08-01.00:12:33::SCWMssOS::Sw design exists and opened at  C:/Users/hexad/Documents/Artix-7/UART/SDK/uart_proc_wrapper/microblaze_mcs_0_microblaze_I/standalone_microblaze_mcs_0_microblaze_I/bsp/system.mss
TRACE::2023-08-01.00:12:33::SCWMssOS::Completed writing the mss file at C:/Users/hexad/Documents/Artix-7/UART/SDK/uart_proc_wrapper/microblaze_mcs_0_microblaze_I/standalone_microblaze_mcs_0_microblaze_I/bsp
TRACE::2023-08-01.00:12:33::SCWMssOS::Mss edits present, copying mssfile into export location C:/Users/hexad/Documents/Artix-7/UART/SDK/uart_proc_wrapper/microblaze_mcs_0_microblaze_I/standalone_microblaze_mcs_0_microblaze_I/bsp/system.mss
TRACE::2023-08-01.00:12:33::SCWMssOS::bsp generated is upto date with the mss file. Skipping bsp generation.
TRACE::2023-08-01.00:12:33::SCWMssOS::BSP is already built. skipping the bsp build ... 
TRACE::2023-08-01.00:12:33::SCWDomain::Building the domain as part of full build :  standalone_microblaze_mcs_0_microblaze_I
TRACE::2023-08-01.00:12:33::SCWMssOS::doing bsp build ... 
TRACE::2023-08-01.00:12:33::SCWMssOS::System Command Ran  C: & cd  C:/Users/hexad/Documents/Artix-7/UART/SDK/uart_proc_wrapper/microblaze_mcs_0_microblaze_I/standalone_microblaze_mcs_0_microblaze_I/bsp & make 
TRACE::2023-08-01.00:12:33::SCWMssOS::make --no-print-directory seq_libs

TRACE::2023-08-01.00:12:33::SCWMssOS::'Finished building libraries sequentially.'

TRACE::2023-08-01.00:12:33::SCWMssOS::make -j 14 --no-print-directory par_libs

TRACE::2023-08-01.00:12:33::SCWMssOS::"Running Make include in microblaze_mcs_0_microblaze_I/libsrc/bram_v4_8/src"

TRACE::2023-08-01.00:12:33::SCWMssOS::make -C microblaze_mcs_0_microblaze_I/libsrc/bram_v4_8/src -s include  "SHELL=CMD" "COMPILER=mb-gcc" "ASSEMBLER=mb-as" "ARCHIVE
TRACE::2023-08-01.00:12:33::SCWMssOS::R=mb-ar" "COMPILER_FLAGS=  -O2 -c -mcpu=v11.0 -mlittle-endian -mno-xl-reorder -mxl-soft-mul" "EXTRA_COMPILER_FLAGS=-g -ffunctio
TRACE::2023-08-01.00:12:33::SCWMssOS::n-sections -fdata-sections -Wall -Wextra -fno-tree-loop-distribute-patterns"

TRACE::2023-08-01.00:12:33::SCWMssOS::"Running Make include in microblaze_mcs_0_microblaze_I/libsrc/cpu_v2_17/src"

TRACE::2023-08-01.00:12:33::SCWMssOS::make -C microblaze_mcs_0_microblaze_I/libsrc/cpu_v2_17/src -s include  "SHELL=CMD" "COMPILER=mb-gcc" "ASSEMBLER=mb-as" "ARCHIVE
TRACE::2023-08-01.00:12:33::SCWMssOS::R=mb-ar" "COMPILER_FLAGS=  -O2 -c -mcpu=v11.0 -mlittle-endian -mno-xl-reorder -mxl-soft-mul" "EXTRA_COMPILER_FLAGS=-g -ffunctio
TRACE::2023-08-01.00:12:33::SCWMssOS::n-sections -fdata-sections -Wall -Wextra -fno-tree-loop-distribute-patterns"

TRACE::2023-08-01.00:12:33::SCWMssOS::"Running Make include in microblaze_mcs_0_microblaze_I/libsrc/iomodule_v2_14/src"

TRACE::2023-08-01.00:12:33::SCWMssOS::make -C microblaze_mcs_0_microblaze_I/libsrc/iomodule_v2_14/src -s include  "SHELL=CMD" "COMPILER=mb-gcc" "ASSEMBLER=mb-as" "AR
TRACE::2023-08-01.00:12:33::SCWMssOS::CHIVER=mb-ar" "COMPILER_FLAGS=  -O2 -c -mcpu=v11.0 -mlittle-endian -mno-xl-reorder -mxl-soft-mul" "EXTRA_COMPILER_FLAGS=-g -ffu
TRACE::2023-08-01.00:12:33::SCWMssOS::nction-sections -fdata-sections -Wall -Wextra -fno-tree-loop-distribute-patterns"

TRACE::2023-08-01.00:12:33::SCWMssOS::"Running Make include in microblaze_mcs_0_microblaze_I/libsrc/standalone_v8_1/src"

TRACE::2023-08-01.00:12:33::SCWMssOS::make -C microblaze_mcs_0_microblaze_I/libsrc/standalone_v8_1/src -s include  "SHELL=CMD" "COMPILER=mb-gcc" "ASSEMBLER=mb-as" "A
TRACE::2023-08-01.00:12:33::SCWMssOS::RCHIVER=mb-ar" "COMPILER_FLAGS=  -O2 -c -mcpu=v11.0 -mlittle-endian -mno-xl-reorder -mxl-soft-mul" "EXTRA_COMPILER_FLAGS=-g -ff
TRACE::2023-08-01.00:12:33::SCWMssOS::unction-sections -fdata-sections -Wall -Wextra -fno-tree-loop-distribute-patterns"

TRACE::2023-08-01.00:12:34::SCWMssOS::"Running Make libs in microblaze_mcs_0_microblaze_I/libsrc/bram_v4_8/src"

TRACE::2023-08-01.00:12:34::SCWMssOS::make -C microblaze_mcs_0_microblaze_I/libsrc/bram_v4_8/src -s libs  "SHELL=CMD" "COMPILER=mb-gcc" "ASSEMBLER=mb-as" "ARCHIVER=m
TRACE::2023-08-01.00:12:34::SCWMssOS::b-ar" "COMPILER_FLAGS=  -O2 -c -mcpu=v11.0 -mlittle-endian -mno-xl-reorder -mxl-soft-mul" "EXTRA_COMPILER_FLAGS=-g -ffunction-s
TRACE::2023-08-01.00:12:34::SCWMssOS::ections -fdata-sections -Wall -Wextra -fno-tree-loop-distribute-patterns"

TRACE::2023-08-01.00:12:34::SCWMssOS::"Running Make libs in microblaze_mcs_0_microblaze_I/libsrc/cpu_v2_17/src"

TRACE::2023-08-01.00:12:34::SCWMssOS::make -C microblaze_mcs_0_microblaze_I/libsrc/cpu_v2_17/src -s libs  "SHELL=CMD" "COMPILER=mb-gcc" "ASSEMBLER=mb-as" "ARCHIVER=m
TRACE::2023-08-01.00:12:34::SCWMssOS::b-ar" "COMPILER_FLAGS=  -O2 -c -mcpu=v11.0 -mlittle-endian -mno-xl-reorder -mxl-soft-mul" "EXTRA_COMPILER_FLAGS=-g -ffunction-s
TRACE::2023-08-01.00:12:34::SCWMssOS::ections -fdata-sections -Wall -Wextra -fno-tree-loop-distribute-patterns"

TRACE::2023-08-01.00:12:34::SCWMssOS::"Running Make libs in microblaze_mcs_0_microblaze_I/libsrc/iomodule_v2_14/src"

TRACE::2023-08-01.00:12:34::SCWMssOS::make -C microblaze_mcs_0_microblaze_I/libsrc/iomodule_v2_14/src -s libs  "SHELL=CMD" "COMPILER=mb-gcc" "ASSEMBLER=mb-as" "ARCHI
TRACE::2023-08-01.00:12:34::SCWMssOS::VER=mb-ar" "COMPILER_FLAGS=  -O2 -c -mcpu=v11.0 -mlittle-endian -mno-xl-reorder -mxl-soft-mul" "EXTRA_COMPILER_FLAGS=-g -ffunct
TRACE::2023-08-01.00:12:34::SCWMssOS::ion-sections -fdata-sections -Wall -Wextra -fno-tree-loop-distribute-patterns"

TRACE::2023-08-01.00:12:34::SCWMssOS::"Running Make libs in microblaze_mcs_0_microblaze_I/libsrc/standalone_v8_1/src"

TRACE::2023-08-01.00:12:34::SCWMssOS::make -C microblaze_mcs_0_microblaze_I/libsrc/standalone_v8_1/src -s libs  "SHELL=CMD" "COMPILER=mb-gcc" "ASSEMBLER=mb-as" "ARCH
TRACE::2023-08-01.00:12:34::SCWMssOS::IVER=mb-ar" "COMPILER_FLAGS=  -O2 -c -mcpu=v11.0 -mlittle-endian -mno-xl-reorder -mxl-soft-mul" "EXTRA_COMPILER_FLAGS=-g -ffunc
TRACE::2023-08-01.00:12:34::SCWMssOS::tion-sections -fdata-sections -Wall -Wextra -fno-tree-loop-distribute-patterns"

TRACE::2023-08-01.00:12:35::SCWMssOS::"DEBUG NON_LTO_OBJECTS is ../../../lib/microblaze_interrupt_handler.o"

TRACE::2023-08-01.00:12:35::SCWMssOS::'Finished building libraries parallelly.'

TRACE::2023-08-01.00:12:35::SCWMssOS::make --no-print-directory archive

TRACE::2023-08-01.00:12:35::SCWMssOS::mb-ar -r  microblaze_mcs_0_microblaze_I/lib/libxil.a microblaze_mcs_0_microblaze_I/lib/_exit.o microblaze_mcs_0_microblaze_I/li
TRACE::2023-08-01.00:12:35::SCWMssOS::b/errno.o microblaze_mcs_0_microblaze_I/lib/fcntl.o microblaze_mcs_0_microblaze_I/lib/hw_exception_handler.o microblaze_mcs_0_m
TRACE::2023-08-01.00:12:35::SCWMssOS::icroblaze_I/lib/inbyte.o microblaze_mcs_0_microblaze_I/lib/microblaze_disable_dcache.o microblaze_mcs_0_microblaze_I/lib/microb
TRACE::2023-08-01.00:12:35::SCWMssOS::laze_disable_exceptions.o microblaze_mcs_0_microblaze_I/lib/microblaze_disable_icache.o microblaze_mcs_0_microblaze_I/lib/micro
TRACE::2023-08-01.00:12:35::SCWMssOS::blaze_disable_interrupts.o microblaze_mcs_0_microblaze_I/lib/microblaze_enable_dcache.o microblaze_mcs_0_microblaze_I/lib/micro
TRACE::2023-08-01.00:12:35::SCWMssOS::blaze_enable_exceptions.o microblaze_mcs_0_microblaze_I/lib/microblaze_enable_icache.o microblaze_mcs_0_microblaze_I/lib/microb
TRACE::2023-08-01.00:12:35::SCWMssOS::laze_enable_interrupts.o microblaze_mcs_0_microblaze_I/lib/microblaze_exception_handler.o microblaze_mcs_0_microblaze_I/lib/mic
TRACE::2023-08-01.00:12:35::SCWMssOS::roblaze_flush_cache_ext.o microblaze_mcs_0_microblaze_I/lib/microblaze_flush_cache_ext_range.o microblaze_mcs_0_microblaze_I/li
TRACE::2023-08-01.00:12:35::SCWMssOS::b/microblaze_flush_dcache.o microblaze_mcs_0_microblaze_I/lib/microblaze_flush_dcache_range.o microblaze_mcs_0_microblaze_I/lib
TRACE::2023-08-01.00:12:35::SCWMssOS::/microblaze_init_dcache_range.o microblaze_mcs_0_microblaze_I/lib/microblaze_init_icache_range.o microblaze_mcs_0_microblaze_I/
TRACE::2023-08-01.00:12:35::SCWMssOS::lib/microblaze_interrupt_handler.o microblaze_mcs_0_microblaze_I/lib/microblaze_interrupts_g.o microblaze_mcs_0_microblaze_I/li
TRACE::2023-08-01.00:12:35::SCWMssOS::b/microblaze_invalidate_cache_ext.o microblaze_mcs_0_microblaze_I/lib/microblaze_invalidate_cache_ext_range.o microblaze_mcs_0_
TRACE::2023-08-01.00:12:35::SCWMssOS::microblaze_I/lib/microblaze_invalidate_dcache.o microblaze_mcs_0_microblaze_I/lib/microblaze_invalidate_dcache_range.o microbla
TRACE::2023-08-01.00:12:35::SCWMssOS::ze_mcs_0_microblaze_I/lib/microblaze_invalidate_icache.o microblaze_mcs_0_microblaze_I/lib/microblaze_invalidate_icache_range.o
TRACE::2023-08-01.00:12:35::SCWMssOS:: microblaze_mcs_0_microblaze_I/lib/microblaze_scrub.o microblaze_mcs_0_microblaze_I/lib/microblaze_selftest.o microblaze_mcs_0_
TRACE::2023-08-01.00:12:35::SCWMssOS::microblaze_I/lib/microblaze_sleep.o microblaze_mcs_0_microblaze_I/lib/microblaze_update_dcache.o microblaze_mcs_0_microblaze_I/
TRACE::2023-08-01.00:12:35::SCWMssOS::lib/microblaze_update_icache.o microblaze_mcs_0_microblaze_I/lib/outbyte.o microblaze_mcs_0_microblaze_I/lib/print.o microblaze
TRACE::2023-08-01.00:12:35::SCWMssOS::_mcs_0_microblaze_I/lib/pvr.o microblaze_mcs_0_microblaze_I/lib/xbram.o microblaze_mcs_0_microblaze_I/lib/xbram_g.o microblaze_
TRACE::2023-08-01.00:12:35::SCWMssOS::mcs_0_microblaze_I/lib/xbram_intr.o microblaze_mcs_0_microblaze_I/lib/xbram_selftest.o microblaze_mcs_0_microblaze_I/lib/xbram_
TRACE::2023-08-01.00:12:35::SCWMssOS::sinit.o microblaze_mcs_0_microblaze_I/lib/xil_assert.o microblaze_mcs_0_microblaze_I/lib/xil_cache.o microblaze_mcs_0_microblaz
TRACE::2023-08-01.00:12:35::SCWMssOS::e_I/lib/xil_clocking.o microblaze_mcs_0_microblaze_I/lib/xil_exception.o microblaze_mcs_0_microblaze_I/lib/xil_mem.o microblaze
TRACE::2023-08-01.00:12:35::SCWMssOS::_mcs_0_microblaze_I/lib/xil_misc_psreset_api.o microblaze_mcs_0_microblaze_I/lib/xil_printf.o microblaze_mcs_0_microblaze_I/lib
TRACE::2023-08-01.00:12:35::SCWMssOS::/xil_sleepcommon.o microblaze_mcs_0_microblaze_I/lib/xil_testcache.o microblaze_mcs_0_microblaze_I/lib/xil_testio.o microblaze_
TRACE::2023-08-01.00:12:35::SCWMssOS::mcs_0_microblaze_I/lib/xil_testmem.o microblaze_mcs_0_microblaze_I/lib/xil_util.o microblaze_mcs_0_microblaze_I/lib/xinterrupt_
TRACE::2023-08-01.00:12:35::SCWMssOS::wrap.o microblaze_mcs_0_microblaze_I/lib/xio.o microblaze_mcs_0_microblaze_I/lib/xiomodule.o microblaze_mcs_0_microblaze_I/lib/
TRACE::2023-08-01.00:12:35::SCWMssOS::xiomodule_extra.o microblaze_mcs_0_microblaze_I/lib/xiomodule_g.o microblaze_mcs_0_microblaze_I/lib/xiomodule_intr.o microblaze
TRACE::2023-08-01.00:12:35::SCWMssOS::_mcs_0_microblaze_I/lib/xiomodule_l.o microblaze_mcs_0_microblaze_I/lib/xiomodule_options.o microblaze_mcs_0_microblaze_I/lib/x
TRACE::2023-08-01.00:12:35::SCWMssOS::iomodule_selftest.o microblaze_mcs_0_microblaze_I/lib/xiomodule_stats.o microblaze_mcs_0_microblaze_I/lib/xiomodule_uart.o micr
TRACE::2023-08-01.00:12:35::SCWMssOS::oblaze_mcs_0_microblaze_I/lib/xiomodule_uart_intr.o microblaze_mcs_0_microblaze_I/lib/xplatform_info.o

TRACE::2023-08-01.00:12:35::SCWMssOS::'Finished building libraries'

TRACE::2023-08-01.00:12:35::SCWMssOS::Copying to export directory.
TRACE::2023-08-01.00:12:36::SCWMssOS:: Checking if to create the Supporting Applications
TRACE::2023-08-01.00:12:36::SCWMssOS:: No Linux domain exists, trying to generate FSBL 
LOG::2023-08-01.00:12:36::SCWSystem::Completed Processing the domain standalone_microblaze_mcs_0_microblaze_I
LOG::2023-08-01.00:12:36::SCWSystem::Completed Processing the sysconfig uart_proc_wrapper
LOG::2023-08-01.00:12:36::SCWPlatform::Completed generating the artifacts for system configuration uart_proc_wrapper
TRACE::2023-08-01.00:12:36::SCWPlatform::Started preparing the platform 
TRACE::2023-08-01.00:12:36::SCWSystem::Writing the bif file for system config uart_proc_wrapper
TRACE::2023-08-01.00:12:36::SCWSystem::dir created 
TRACE::2023-08-01.00:12:36::SCWSystem::Writing the bif 
TRACE::2023-08-01.00:12:36::SCWPlatform::Started writing the spfm file 
TRACE::2023-08-01.00:12:36::SCWPlatform::Started writing the xpfm file 
TRACE::2023-08-01.00:12:36::SCWPlatform::Completed generating the platform
TRACE::2023-08-01.00:12:36::SCWMssOS::Saving the mss changes C:/Users/hexad/Documents/Artix-7/UART/SDK/uart_proc_wrapper/microblaze_mcs_0_microblaze_I/standalone_microblaze_mcs_0_microblaze_I/bsp/system.mss
TRACE::2023-08-01.00:12:36::SCWMssOS::Found a swdesign opened with the mssfile.
TRACE::2023-08-01.00:12:36::SCWMssOS::Completed writemss as part of save.
TRACE::2023-08-01.00:12:36::SCWMssOS::Commit changes completed.
TRACE::2023-08-01.00:12:36::SCWPlatform::Trying to open the hw design at C:/Users/hexad/Documents/Artix-7/UART/SDK/uart_proc_wrapper/hw/uart_proc_wrapper.xsa
TRACE::2023-08-01.00:12:36::SCWPlatform::DSA given C:/Users/hexad/Documents/Artix-7/UART/SDK/uart_proc_wrapper/hw/uart_proc_wrapper.xsa
TRACE::2023-08-01.00:12:36::SCWPlatform::DSA absoulate path C:/Users/hexad/Documents/Artix-7/UART/SDK/uart_proc_wrapper/hw/uart_proc_wrapper.xsa
TRACE::2023-08-01.00:12:36::SCWPlatform::DSA directory C:/Users/hexad/Documents/Artix-7/UART/SDK/uart_proc_wrapper/hw
TRACE::2023-08-01.00:12:36::SCWPlatform:: Platform Path C:/Users/hexad/Documents/Artix-7/UART/SDK/uart_proc_wrapper/hw/uart_proc_wrapper.xsa
TRACE::2023-08-01.00:12:36::SCWPlatform:: Unique name xilinx:::0.0
TRACE::2023-08-01.00:12:36::SCWPlatform::Trying to set the existing hwdb with name uart_proc_wrapper_0
TRACE::2023-08-01.00:12:36::SCWPlatform::Opened existing hwdb uart_proc_wrapper_0
TRACE::2023-08-01.00:12:36::SCWPlatform::Found the Hw Db part of the input DSA
TRACE::2023-08-01.00:12:36::SCWMssOS::Checking the sw design at  C:/Users/hexad/Documents/Artix-7/UART/SDK/uart_proc_wrapper/microblaze_mcs_0_microblaze_I/standalone_microblaze_mcs_0_microblaze_I/bsp/system.mss
TRACE::2023-08-01.00:12:36::SCWMssOS::DEBUG:  swdes dump  C:/Users/hexad/Documents/Artix-7/UART/SDK/uart_proc_wrapper/microblaze_mcs_0_microblaze_I/standalone_microblaze_mcs_0_microblaze_I/bsp/system.mss|system||

TRACE::2023-08-01.00:12:36::SCWMssOS::Sw design exists and opened at  C:/Users/hexad/Documents/Artix-7/UART/SDK/uart_proc_wrapper/microblaze_mcs_0_microblaze_I/standalone_microblaze_mcs_0_microblaze_I/bsp/system.mss
TRACE::2023-08-01.00:12:36::SCWPlatform::Trying to open the hw design at C:/Users/hexad/Documents/Artix-7/UART/SDK/uart_proc_wrapper/hw/uart_proc_wrapper.xsa
TRACE::2023-08-01.00:12:36::SCWPlatform::DSA given C:/Users/hexad/Documents/Artix-7/UART/SDK/uart_proc_wrapper/hw/uart_proc_wrapper.xsa
TRACE::2023-08-01.00:12:36::SCWPlatform::DSA absoulate path C:/Users/hexad/Documents/Artix-7/UART/SDK/uart_proc_wrapper/hw/uart_proc_wrapper.xsa
TRACE::2023-08-01.00:12:36::SCWPlatform::DSA directory C:/Users/hexad/Documents/Artix-7/UART/SDK/uart_proc_wrapper/hw
TRACE::2023-08-01.00:12:36::SCWPlatform:: Platform Path C:/Users/hexad/Documents/Artix-7/UART/SDK/uart_proc_wrapper/hw/uart_proc_wrapper.xsa
TRACE::2023-08-01.00:12:36::SCWPlatform:: Unique name xilinx:::0.0
TRACE::2023-08-01.00:12:36::SCWPlatform::Trying to set the existing hwdb with name uart_proc_wrapper_0
TRACE::2023-08-01.00:12:36::SCWPlatform::Opened existing hwdb uart_proc_wrapper_0
TRACE::2023-08-01.00:12:36::SCWPlatform::Found the Hw Db part of the input DSA
TRACE::2023-08-01.00:12:36::SCWMssOS::Checking the sw design at  C:/Users/hexad/Documents/Artix-7/UART/SDK/uart_proc_wrapper/microblaze_mcs_0_microblaze_I/standalone_microblaze_mcs_0_microblaze_I/bsp/system.mss
TRACE::2023-08-01.00:12:36::SCWMssOS::DEBUG:  swdes dump  C:/Users/hexad/Documents/Artix-7/UART/SDK/uart_proc_wrapper/microblaze_mcs_0_microblaze_I/standalone_microblaze_mcs_0_microblaze_I/bsp/system.mss|system||

TRACE::2023-08-01.00:12:36::SCWMssOS::Sw design exists and opened at  C:/Users/hexad/Documents/Artix-7/UART/SDK/uart_proc_wrapper/microblaze_mcs_0_microblaze_I/standalone_microblaze_mcs_0_microblaze_I/bsp/system.mss
TRACE::2023-08-01.00:12:36::SCWPlatform::Trying to open the hw design at C:/Users/hexad/Documents/Artix-7/UART/SDK/uart_proc_wrapper/hw/uart_proc_wrapper.xsa
TRACE::2023-08-01.00:12:36::SCWPlatform::DSA given C:/Users/hexad/Documents/Artix-7/UART/SDK/uart_proc_wrapper/hw/uart_proc_wrapper.xsa
TRACE::2023-08-01.00:12:36::SCWPlatform::DSA absoulate path C:/Users/hexad/Documents/Artix-7/UART/SDK/uart_proc_wrapper/hw/uart_proc_wrapper.xsa
TRACE::2023-08-01.00:12:36::SCWPlatform::DSA directory C:/Users/hexad/Documents/Artix-7/UART/SDK/uart_proc_wrapper/hw
TRACE::2023-08-01.00:12:36::SCWPlatform:: Platform Path C:/Users/hexad/Documents/Artix-7/UART/SDK/uart_proc_wrapper/hw/uart_proc_wrapper.xsa
TRACE::2023-08-01.00:12:36::SCWPlatform:: Unique name xilinx:::0.0
TRACE::2023-08-01.00:12:36::SCWPlatform::Trying to set the existing hwdb with name uart_proc_wrapper_0
TRACE::2023-08-01.00:12:36::SCWPlatform::Opened existing hwdb uart_proc_wrapper_0
TRACE::2023-08-01.00:12:36::SCWPlatform::Found the Hw Db part of the input DSA
TRACE::2023-08-01.00:12:36::SCWMssOS::Checking the sw design at  C:/Users/hexad/Documents/Artix-7/UART/SDK/uart_proc_wrapper/microblaze_mcs_0_microblaze_I/standalone_microblaze_mcs_0_microblaze_I/bsp/system.mss
TRACE::2023-08-01.00:12:36::SCWMssOS::DEBUG:  swdes dump  C:/Users/hexad/Documents/Artix-7/UART/SDK/uart_proc_wrapper/microblaze_mcs_0_microblaze_I/standalone_microblaze_mcs_0_microblaze_I/bsp/system.mss|system||

TRACE::2023-08-01.00:12:36::SCWMssOS::Sw design exists and opened at  C:/Users/hexad/Documents/Artix-7/UART/SDK/uart_proc_wrapper/microblaze_mcs_0_microblaze_I/standalone_microblaze_mcs_0_microblaze_I/bsp/system.mss
TRACE::2023-08-01.00:12:36::SCWWriter::formatted JSON is {
	"platformName":	"uart_proc_wrapper",
	"sprVersion":	"2.0",
	"mode":	"gui",
	"dsaType":	"Fixed",
	"platformDesc":	"uart_proc_wrapper",
	"platHandOff":	"C:/Users/hexad/Documents/Artix-7/UART/uart_proc_wrapper.xsa",
	"platIntHandOff":	"<platformDir>/hw/uart_proc_wrapper.xsa",
	"deviceType":	"FPGA",
	"platIsPrebuiltAutogen":	"false",
	"platIsNoBootBsp":	"false",
	"hasFsblMakeHasChanges":	"false",
	"hasPmufwMakeHasChanges":	"false",
	"platPreBuiltFlag":	false,
	"platformSamplesDir":	"",
	"platActiveSys":	"uart_proc_wrapper",
	"systems":	[{
			"systemName":	"uart_proc_wrapper",
			"systemDesc":	"uart_proc_wrapper",
			"sysIsBootAutoGen":	"true",
			"systemDispName":	"uart_proc_wrapper",
			"sysActiveDom":	"standalone_microblaze_mcs_0_microblaze_I",
			"sysDefaultDom":	"standalone_microblaze_mcs_0_microblaze_I",
			"domains":	[{
					"domainName":	"standalone_microblaze_mcs_0_microblaze_I",
					"domainDispName":	"standalone_microblaze_mcs_0_microblaze_I",
					"domainDesc":	"standalone_microblaze_mcs_0_microblaze_I",
					"processors":	"microblaze_mcs_0_microblaze_I",
					"os":	"standalone",
					"sdxOs":	"standalone",
					"debugEnable":	"False",
					"domRuntimes":	["cpp"],
					"swRepo":	"",
					"mssOsVer":	"8.1",
					"mssFile":	"",
					"md5Digest":	"e74311f8c3a8ea62ce30a35f679d52f1",
					"compatibleApp":	"hello_world",
					"domType":	"mssDomain",
					"arch":	"32-bit",
					"appSettings":	{
						"appCompilerFlags":	"",
						"appLinkerFlags":	""
					},
					"addedLibs":	[],
					"libOptions":	{
						"libsContainingOptions":	[]
					},
					"prebuiltLibs":	{
						"prebuiltIncPath":	[],
						"prebuiltLibPath":	[]
					},
					"isolation":	{
					}
				}]
		}]
}
KEYINFO::2023-08-01.00:12:36::SCWPlatform::updated the xpfm file.
TRACE::2023-08-01.00:12:36::SCWPlatform::Trying to open the hw design at C:/Users/hexad/Documents/Artix-7/UART/SDK/uart_proc_wrapper/hw/uart_proc_wrapper.xsa
TRACE::2023-08-01.00:12:36::SCWPlatform::DSA given C:/Users/hexad/Documents/Artix-7/UART/SDK/uart_proc_wrapper/hw/uart_proc_wrapper.xsa
TRACE::2023-08-01.00:12:36::SCWPlatform::DSA absoulate path C:/Users/hexad/Documents/Artix-7/UART/SDK/uart_proc_wrapper/hw/uart_proc_wrapper.xsa
TRACE::2023-08-01.00:12:36::SCWPlatform::DSA directory C:/Users/hexad/Documents/Artix-7/UART/SDK/uart_proc_wrapper/hw
TRACE::2023-08-01.00:12:36::SCWPlatform:: Platform Path C:/Users/hexad/Documents/Artix-7/UART/SDK/uart_proc_wrapper/hw/uart_proc_wrapper.xsa
TRACE::2023-08-01.00:12:36::SCWPlatform:: Unique name xilinx:::0.0
TRACE::2023-08-01.00:12:36::SCWPlatform::Trying to set the existing hwdb with name uart_proc_wrapper_0
TRACE::2023-08-01.00:12:36::SCWPlatform::Opened existing hwdb uart_proc_wrapper_0
TRACE::2023-08-01.00:12:36::SCWPlatform::Found the Hw Db part of the input DSA
TRACE::2023-08-01.00:12:36::SCWMssOS::Checking the sw design at  C:/Users/hexad/Documents/Artix-7/UART/SDK/uart_proc_wrapper/microblaze_mcs_0_microblaze_I/standalone_microblaze_mcs_0_microblaze_I/bsp/system.mss
TRACE::2023-08-01.00:12:36::SCWMssOS::DEBUG:  swdes dump  C:/Users/hexad/Documents/Artix-7/UART/SDK/uart_proc_wrapper/microblaze_mcs_0_microblaze_I/standalone_microblaze_mcs_0_microblaze_I/bsp/system.mss|system||

TRACE::2023-08-01.00:12:36::SCWMssOS::Sw design exists and opened at  C:/Users/hexad/Documents/Artix-7/UART/SDK/uart_proc_wrapper/microblaze_mcs_0_microblaze_I/standalone_microblaze_mcs_0_microblaze_I/bsp/system.mss
LOG::2023-08-01.00:42:00::SCWPlatform::Started generating the artifacts platform uart_proc_wrapper
TRACE::2023-08-01.00:42:00::SCWPlatform::Sanity checking of platform is completed
LOG::2023-08-01.00:42:00::SCWPlatform::Started generating the artifacts for system configuration uart_proc_wrapper
LOG::2023-08-01.00:42:00::SCWSystem::Checking the domain standalone_microblaze_mcs_0_microblaze_I
LOG::2023-08-01.00:42:00::SCWSystem::Not a boot domain 
LOG::2023-08-01.00:42:00::SCWSystem::Started Processing the domain standalone_microblaze_mcs_0_microblaze_I
TRACE::2023-08-01.00:42:00::SCWDomain::Generating domain artifcats
TRACE::2023-08-01.00:42:00::SCWMssOS::Generating standalone artifcats
TRACE::2023-08-01.00:42:00::SCWMssOS:: Copying the user libraries. 
TRACE::2023-08-01.00:42:00::SCWPlatform::Trying to open the hw design at C:/Users/hexad/Documents/Artix-7/UART/SDK/uart_proc_wrapper/hw/uart_proc_wrapper.xsa
TRACE::2023-08-01.00:42:00::SCWPlatform::DSA given C:/Users/hexad/Documents/Artix-7/UART/SDK/uart_proc_wrapper/hw/uart_proc_wrapper.xsa
TRACE::2023-08-01.00:42:00::SCWPlatform::DSA absoulate path C:/Users/hexad/Documents/Artix-7/UART/SDK/uart_proc_wrapper/hw/uart_proc_wrapper.xsa
TRACE::2023-08-01.00:42:00::SCWPlatform::DSA directory C:/Users/hexad/Documents/Artix-7/UART/SDK/uart_proc_wrapper/hw
TRACE::2023-08-01.00:42:00::SCWPlatform:: Platform Path C:/Users/hexad/Documents/Artix-7/UART/SDK/uart_proc_wrapper/hw/uart_proc_wrapper.xsa
TRACE::2023-08-01.00:42:00::SCWPlatform:: Unique name xilinx:::0.0
TRACE::2023-08-01.00:42:00::SCWPlatform::Trying to set the existing hwdb with name uart_proc_wrapper_0
TRACE::2023-08-01.00:42:00::SCWPlatform::Opened existing hwdb uart_proc_wrapper_0
TRACE::2023-08-01.00:42:00::SCWPlatform::Found the Hw Db part of the input DSA
TRACE::2023-08-01.00:42:00::SCWMssOS::Checking the sw design at  C:/Users/hexad/Documents/Artix-7/UART/SDK/uart_proc_wrapper/microblaze_mcs_0_microblaze_I/standalone_microblaze_mcs_0_microblaze_I/bsp/system.mss
TRACE::2023-08-01.00:42:00::SCWMssOS::DEBUG:  swdes dump  C:/Users/hexad/Documents/Artix-7/UART/SDK/uart_proc_wrapper/microblaze_mcs_0_microblaze_I/standalone_microblaze_mcs_0_microblaze_I/bsp/system.mss|system||

TRACE::2023-08-01.00:42:00::SCWMssOS::Sw design exists and opened at  C:/Users/hexad/Documents/Artix-7/UART/SDK/uart_proc_wrapper/microblaze_mcs_0_microblaze_I/standalone_microblaze_mcs_0_microblaze_I/bsp/system.mss
TRACE::2023-08-01.00:42:00::SCWMssOS::Completed writing the mss file at C:/Users/hexad/Documents/Artix-7/UART/SDK/uart_proc_wrapper/microblaze_mcs_0_microblaze_I/standalone_microblaze_mcs_0_microblaze_I/bsp
TRACE::2023-08-01.00:42:00::SCWMssOS::Mss edits present, copying mssfile into export location C:/Users/hexad/Documents/Artix-7/UART/SDK/uart_proc_wrapper/microblaze_mcs_0_microblaze_I/standalone_microblaze_mcs_0_microblaze_I/bsp/system.mss
TRACE::2023-08-01.00:42:00::SCWMssOS::bsp generated is upto date with the mss file. Skipping bsp generation.
TRACE::2023-08-01.00:42:00::SCWMssOS::BSP is already built. skipping the bsp build ... 
TRACE::2023-08-01.00:42:00::SCWDomain::Skipping the build for domain :  standalone_microblaze_mcs_0_microblaze_I
TRACE::2023-08-01.00:42:00::SCWMssOS::skipping the bsp build ... 
TRACE::2023-08-01.00:42:00::SCWMssOS::Copying to export directory.
TRACE::2023-08-01.00:42:00::SCWMssOS:: Checking if to create the Supporting Applications
TRACE::2023-08-01.00:42:00::SCWMssOS:: No Linux domain exists, trying to generate FSBL 
LOG::2023-08-01.00:42:00::SCWSystem::Completed Processing the domain standalone_microblaze_mcs_0_microblaze_I
LOG::2023-08-01.00:42:00::SCWSystem::Completed Processing the sysconfig uart_proc_wrapper
LOG::2023-08-01.00:42:00::SCWPlatform::Completed generating the artifacts for system configuration uart_proc_wrapper
TRACE::2023-08-01.00:42:00::SCWPlatform::Started preparing the platform 
TRACE::2023-08-01.00:42:00::SCWSystem::Writing the bif file for system config uart_proc_wrapper
TRACE::2023-08-01.00:42:00::SCWSystem::dir created 
TRACE::2023-08-01.00:42:00::SCWSystem::Writing the bif 
TRACE::2023-08-01.00:42:00::SCWPlatform::Started writing the spfm file 
TRACE::2023-08-01.00:42:00::SCWPlatform::Started writing the xpfm file 
TRACE::2023-08-01.00:42:00::SCWPlatform::Completed generating the platform
TRACE::2023-08-01.00:42:00::SCWMssOS::Saving the mss changes C:/Users/hexad/Documents/Artix-7/UART/SDK/uart_proc_wrapper/microblaze_mcs_0_microblaze_I/standalone_microblaze_mcs_0_microblaze_I/bsp/system.mss
TRACE::2023-08-01.00:42:00::SCWMssOS::Found a swdesign opened with the mssfile.
TRACE::2023-08-01.00:42:00::SCWMssOS::Completed writemss as part of save.
TRACE::2023-08-01.00:42:00::SCWMssOS::Commit changes completed.
TRACE::2023-08-01.00:42:00::SCWPlatform::Trying to open the hw design at C:/Users/hexad/Documents/Artix-7/UART/SDK/uart_proc_wrapper/hw/uart_proc_wrapper.xsa
TRACE::2023-08-01.00:42:00::SCWPlatform::DSA given C:/Users/hexad/Documents/Artix-7/UART/SDK/uart_proc_wrapper/hw/uart_proc_wrapper.xsa
TRACE::2023-08-01.00:42:00::SCWPlatform::DSA absoulate path C:/Users/hexad/Documents/Artix-7/UART/SDK/uart_proc_wrapper/hw/uart_proc_wrapper.xsa
TRACE::2023-08-01.00:42:00::SCWPlatform::DSA directory C:/Users/hexad/Documents/Artix-7/UART/SDK/uart_proc_wrapper/hw
TRACE::2023-08-01.00:42:00::SCWPlatform:: Platform Path C:/Users/hexad/Documents/Artix-7/UART/SDK/uart_proc_wrapper/hw/uart_proc_wrapper.xsa
TRACE::2023-08-01.00:42:00::SCWPlatform:: Unique name xilinx:::0.0
TRACE::2023-08-01.00:42:00::SCWPlatform::Trying to set the existing hwdb with name uart_proc_wrapper_0
TRACE::2023-08-01.00:42:00::SCWPlatform::Opened existing hwdb uart_proc_wrapper_0
TRACE::2023-08-01.00:42:00::SCWPlatform::Found the Hw Db part of the input DSA
TRACE::2023-08-01.00:42:00::SCWMssOS::Checking the sw design at  C:/Users/hexad/Documents/Artix-7/UART/SDK/uart_proc_wrapper/microblaze_mcs_0_microblaze_I/standalone_microblaze_mcs_0_microblaze_I/bsp/system.mss
TRACE::2023-08-01.00:42:00::SCWMssOS::DEBUG:  swdes dump  C:/Users/hexad/Documents/Artix-7/UART/SDK/uart_proc_wrapper/microblaze_mcs_0_microblaze_I/standalone_microblaze_mcs_0_microblaze_I/bsp/system.mss|system||

TRACE::2023-08-01.00:42:00::SCWMssOS::Sw design exists and opened at  C:/Users/hexad/Documents/Artix-7/UART/SDK/uart_proc_wrapper/microblaze_mcs_0_microblaze_I/standalone_microblaze_mcs_0_microblaze_I/bsp/system.mss
TRACE::2023-08-01.00:42:00::SCWPlatform::Trying to open the hw design at C:/Users/hexad/Documents/Artix-7/UART/SDK/uart_proc_wrapper/hw/uart_proc_wrapper.xsa
TRACE::2023-08-01.00:42:00::SCWPlatform::DSA given C:/Users/hexad/Documents/Artix-7/UART/SDK/uart_proc_wrapper/hw/uart_proc_wrapper.xsa
TRACE::2023-08-01.00:42:00::SCWPlatform::DSA absoulate path C:/Users/hexad/Documents/Artix-7/UART/SDK/uart_proc_wrapper/hw/uart_proc_wrapper.xsa
TRACE::2023-08-01.00:42:00::SCWPlatform::DSA directory C:/Users/hexad/Documents/Artix-7/UART/SDK/uart_proc_wrapper/hw
TRACE::2023-08-01.00:42:00::SCWPlatform:: Platform Path C:/Users/hexad/Documents/Artix-7/UART/SDK/uart_proc_wrapper/hw/uart_proc_wrapper.xsa
TRACE::2023-08-01.00:42:00::SCWPlatform:: Unique name xilinx:::0.0
TRACE::2023-08-01.00:42:00::SCWPlatform::Trying to set the existing hwdb with name uart_proc_wrapper_0
TRACE::2023-08-01.00:42:00::SCWPlatform::Opened existing hwdb uart_proc_wrapper_0
TRACE::2023-08-01.00:42:00::SCWPlatform::Found the Hw Db part of the input DSA
TRACE::2023-08-01.00:42:00::SCWMssOS::Checking the sw design at  C:/Users/hexad/Documents/Artix-7/UART/SDK/uart_proc_wrapper/microblaze_mcs_0_microblaze_I/standalone_microblaze_mcs_0_microblaze_I/bsp/system.mss
TRACE::2023-08-01.00:42:00::SCWMssOS::DEBUG:  swdes dump  C:/Users/hexad/Documents/Artix-7/UART/SDK/uart_proc_wrapper/microblaze_mcs_0_microblaze_I/standalone_microblaze_mcs_0_microblaze_I/bsp/system.mss|system||

TRACE::2023-08-01.00:42:00::SCWMssOS::Sw design exists and opened at  C:/Users/hexad/Documents/Artix-7/UART/SDK/uart_proc_wrapper/microblaze_mcs_0_microblaze_I/standalone_microblaze_mcs_0_microblaze_I/bsp/system.mss
TRACE::2023-08-01.00:42:00::SCWPlatform::Trying to open the hw design at C:/Users/hexad/Documents/Artix-7/UART/SDK/uart_proc_wrapper/hw/uart_proc_wrapper.xsa
TRACE::2023-08-01.00:42:00::SCWPlatform::DSA given C:/Users/hexad/Documents/Artix-7/UART/SDK/uart_proc_wrapper/hw/uart_proc_wrapper.xsa
TRACE::2023-08-01.00:42:00::SCWPlatform::DSA absoulate path C:/Users/hexad/Documents/Artix-7/UART/SDK/uart_proc_wrapper/hw/uart_proc_wrapper.xsa
TRACE::2023-08-01.00:42:00::SCWPlatform::DSA directory C:/Users/hexad/Documents/Artix-7/UART/SDK/uart_proc_wrapper/hw
TRACE::2023-08-01.00:42:00::SCWPlatform:: Platform Path C:/Users/hexad/Documents/Artix-7/UART/SDK/uart_proc_wrapper/hw/uart_proc_wrapper.xsa
TRACE::2023-08-01.00:42:00::SCWPlatform:: Unique name xilinx:::0.0
TRACE::2023-08-01.00:42:00::SCWPlatform::Trying to set the existing hwdb with name uart_proc_wrapper_0
TRACE::2023-08-01.00:42:00::SCWPlatform::Opened existing hwdb uart_proc_wrapper_0
TRACE::2023-08-01.00:42:00::SCWPlatform::Found the Hw Db part of the input DSA
TRACE::2023-08-01.00:42:00::SCWMssOS::Checking the sw design at  C:/Users/hexad/Documents/Artix-7/UART/SDK/uart_proc_wrapper/microblaze_mcs_0_microblaze_I/standalone_microblaze_mcs_0_microblaze_I/bsp/system.mss
TRACE::2023-08-01.00:42:00::SCWMssOS::DEBUG:  swdes dump  C:/Users/hexad/Documents/Artix-7/UART/SDK/uart_proc_wrapper/microblaze_mcs_0_microblaze_I/standalone_microblaze_mcs_0_microblaze_I/bsp/system.mss|system||

TRACE::2023-08-01.00:42:00::SCWMssOS::Sw design exists and opened at  C:/Users/hexad/Documents/Artix-7/UART/SDK/uart_proc_wrapper/microblaze_mcs_0_microblaze_I/standalone_microblaze_mcs_0_microblaze_I/bsp/system.mss
TRACE::2023-08-01.00:42:00::SCWWriter::formatted JSON is {
	"platformName":	"uart_proc_wrapper",
	"sprVersion":	"2.0",
	"mode":	"gui",
	"dsaType":	"Fixed",
	"platformDesc":	"uart_proc_wrapper",
	"platHandOff":	"C:/Users/hexad/Documents/Artix-7/UART/uart_proc_wrapper.xsa",
	"platIntHandOff":	"<platformDir>/hw/uart_proc_wrapper.xsa",
	"deviceType":	"FPGA",
	"platIsPrebuiltAutogen":	"false",
	"platIsNoBootBsp":	"false",
	"hasFsblMakeHasChanges":	"false",
	"hasPmufwMakeHasChanges":	"false",
	"platPreBuiltFlag":	false,
	"platformSamplesDir":	"",
	"platActiveSys":	"uart_proc_wrapper",
	"systems":	[{
			"systemName":	"uart_proc_wrapper",
			"systemDesc":	"uart_proc_wrapper",
			"sysIsBootAutoGen":	"true",
			"systemDispName":	"uart_proc_wrapper",
			"sysActiveDom":	"standalone_microblaze_mcs_0_microblaze_I",
			"sysDefaultDom":	"standalone_microblaze_mcs_0_microblaze_I",
			"domains":	[{
					"domainName":	"standalone_microblaze_mcs_0_microblaze_I",
					"domainDispName":	"standalone_microblaze_mcs_0_microblaze_I",
					"domainDesc":	"standalone_microblaze_mcs_0_microblaze_I",
					"processors":	"microblaze_mcs_0_microblaze_I",
					"os":	"standalone",
					"sdxOs":	"standalone",
					"debugEnable":	"False",
					"domRuntimes":	["cpp"],
					"swRepo":	"",
					"mssOsVer":	"8.1",
					"mssFile":	"",
					"md5Digest":	"e74311f8c3a8ea62ce30a35f679d52f1",
					"compatibleApp":	"hello_world",
					"domType":	"mssDomain",
					"arch":	"32-bit",
					"appSettings":	{
						"appCompilerFlags":	"",
						"appLinkerFlags":	""
					},
					"addedLibs":	[],
					"libOptions":	{
						"libsContainingOptions":	[]
					},
					"prebuiltLibs":	{
						"prebuiltIncPath":	[],
						"prebuiltLibPath":	[]
					},
					"isolation":	{
					}
				}]
		}]
}
KEYINFO::2023-08-01.00:42:00::SCWPlatform::updated the xpfm file.
TRACE::2023-08-01.00:42:00::SCWPlatform::Trying to open the hw design at C:/Users/hexad/Documents/Artix-7/UART/SDK/uart_proc_wrapper/hw/uart_proc_wrapper.xsa
TRACE::2023-08-01.00:42:00::SCWPlatform::DSA given C:/Users/hexad/Documents/Artix-7/UART/SDK/uart_proc_wrapper/hw/uart_proc_wrapper.xsa
TRACE::2023-08-01.00:42:00::SCWPlatform::DSA absoulate path C:/Users/hexad/Documents/Artix-7/UART/SDK/uart_proc_wrapper/hw/uart_proc_wrapper.xsa
TRACE::2023-08-01.00:42:00::SCWPlatform::DSA directory C:/Users/hexad/Documents/Artix-7/UART/SDK/uart_proc_wrapper/hw
TRACE::2023-08-01.00:42:00::SCWPlatform:: Platform Path C:/Users/hexad/Documents/Artix-7/UART/SDK/uart_proc_wrapper/hw/uart_proc_wrapper.xsa
TRACE::2023-08-01.00:42:00::SCWPlatform:: Unique name xilinx:::0.0
TRACE::2023-08-01.00:42:00::SCWPlatform::Trying to set the existing hwdb with name uart_proc_wrapper_0
TRACE::2023-08-01.00:42:00::SCWPlatform::Opened existing hwdb uart_proc_wrapper_0
TRACE::2023-08-01.00:42:00::SCWPlatform::Found the Hw Db part of the input DSA
TRACE::2023-08-01.00:42:00::SCWMssOS::Checking the sw design at  C:/Users/hexad/Documents/Artix-7/UART/SDK/uart_proc_wrapper/microblaze_mcs_0_microblaze_I/standalone_microblaze_mcs_0_microblaze_I/bsp/system.mss
TRACE::2023-08-01.00:42:00::SCWMssOS::DEBUG:  swdes dump  C:/Users/hexad/Documents/Artix-7/UART/SDK/uart_proc_wrapper/microblaze_mcs_0_microblaze_I/standalone_microblaze_mcs_0_microblaze_I/bsp/system.mss|system||

TRACE::2023-08-01.00:42:00::SCWMssOS::Sw design exists and opened at  C:/Users/hexad/Documents/Artix-7/UART/SDK/uart_proc_wrapper/microblaze_mcs_0_microblaze_I/standalone_microblaze_mcs_0_microblaze_I/bsp/system.mss
