00:09:13 DEBUG : Logs will be stored at 'C:/Users/hexad/Documents/Artix-7/UART/SDK/IDE.log'.
00:09:26 INFO  : Launching XSCT server: xsct.bat -n  -interactive C:\Users\hexad\Documents\Artix-7\UART\SDK\temp_xsdb_launch_script.tcl
00:09:27 INFO  : Registering command handlers for Vitis TCF services
00:09:29 INFO  : Platform repository initialization has completed.
00:09:36 INFO  : XSCT server has started successfully.
00:09:43 INFO  : Successfully done setting XSCT server connection channel  
00:09:43 INFO  : plnx-install-location is set to ''
00:09:43 INFO  : Successfully done query RDI_DATADIR 
00:09:43 INFO  : Successfully done setting workspace for the tool. 
00:10:43 INFO  : Result from executing command 'getProjects': uart_proc_wrapper
00:10:43 INFO  : Result from executing command 'getPlatforms': xilinx_zcu102_base_202310_1|F:/Installed_Software/Vivado/Vitis/2023.1/base_platforms/xilinx_zcu102_base_202310_1/xilinx_zcu102_base_202310_1.xpfm;xilinx_zcu102_base_dfx_202310_1|F:/Installed_Software/Vivado/Vitis/2023.1/base_platforms/xilinx_zcu102_base_dfx_202310_1/xilinx_zcu102_base_dfx_202310_1.xpfm;xilinx_zcu104_base_202310_1|F:/Installed_Software/Vivado/Vitis/2023.1/base_platforms/xilinx_zcu104_base_202310_1/xilinx_zcu104_base_202310_1.xpfm
00:10:43 WARN  : An unexpected exception occurred in the module 'platform project logging'
00:10:44 INFO  : Platform 'uart_proc_wrapper' is added to custom repositories.
00:10:47 INFO  : Platform 'uart_proc_wrapper' is added to custom repositories.
00:12:36 INFO  : Result from executing command 'getProjects': uart_proc_wrapper
00:12:36 INFO  : Result from executing command 'getPlatforms': uart_proc_wrapper|C:/Users/hexad/Documents/Artix-7/UART/SDK/uart_proc_wrapper/export/uart_proc_wrapper/uart_proc_wrapper.xpfm;xilinx_zcu102_base_202310_1|F:/Installed_Software/Vivado/Vitis/2023.1/base_platforms/xilinx_zcu102_base_202310_1/xilinx_zcu102_base_202310_1.xpfm;xilinx_zcu102_base_dfx_202310_1|F:/Installed_Software/Vivado/Vitis/2023.1/base_platforms/xilinx_zcu102_base_dfx_202310_1/xilinx_zcu102_base_dfx_202310_1.xpfm;xilinx_zcu104_base_202310_1|F:/Installed_Software/Vivado/Vitis/2023.1/base_platforms/xilinx_zcu104_base_202310_1/xilinx_zcu104_base_202310_1.xpfm
00:12:37 INFO  : Checking for BSP changes to sync application flags for project 'uart_processor'...
00:12:46 INFO  : Checking for BSP changes to sync application flags for project 'uart_processor'...
00:29:24 INFO  : Checking for BSP changes to sync application flags for project 'uart_processor'...
00:41:13 INFO  : Checking for BSP changes to sync application flags for project 'uart_processor'...
00:42:00 INFO  : Result from executing command 'getProjects': uart_proc_wrapper
00:42:00 INFO  : Result from executing command 'getPlatforms': uart_proc_wrapper|C:/Users/hexad/Documents/Artix-7/UART/SDK/uart_proc_wrapper/export/uart_proc_wrapper/uart_proc_wrapper.xpfm;xilinx_zcu102_base_202310_1|F:/Installed_Software/Vivado/Vitis/2023.1/base_platforms/xilinx_zcu102_base_202310_1/xilinx_zcu102_base_202310_1.xpfm;xilinx_zcu102_base_dfx_202310_1|F:/Installed_Software/Vivado/Vitis/2023.1/base_platforms/xilinx_zcu102_base_dfx_202310_1/xilinx_zcu102_base_dfx_202310_1.xpfm;xilinx_zcu104_base_202310_1|F:/Installed_Software/Vivado/Vitis/2023.1/base_platforms/xilinx_zcu104_base_202310_1/xilinx_zcu104_base_202310_1.xpfm
00:42:01 INFO  : Checking for BSP changes to sync application flags for project 'uart_processor'...
00:46:38 INFO  : Checking for BSP changes to sync application flags for project 'uart_processor'...
