
*** Running vivado
    with args -log uart_proc_wrapper.vds -m64 -product Vivado -mode batch -messageDb vivado.pb -notrace -source uart_proc_wrapper.tcl



****** Vivado v2023.1 (64-bit)
  **** SW Build 3865809 on Sun May  7 15:05:29 MDT 2023
  **** IP Build 3864474 on Sun May  7 20:36:21 MDT 2023
  **** SharedData Build 3865790 on Sun May 07 13:33:03 MDT 2023
    ** Copyright 1986-2022 Xilinx, Inc. All Rights Reserved.
    ** Copyright 2022-2023 Advanced Micro Devices, Inc. All Rights Reserved.

source uart_proc_wrapper.tcl -notrace
create_project: Time (s): cpu = 00:00:05 ; elapsed = 00:00:06 . Memory (MB): peak = 1393.328 ; gain = 158.848
INFO: [IP_Flow 19-234] Refreshing IP repositories
INFO: [IP_Flow 19-1704] No user IP repositories specified
INFO: [IP_Flow 19-2313] Loaded Vivado IP repository 'F:/Installed_Software/Vivado/Vivado/2023.1/data/ip'.
INFO: [Project 1-4468] Skipped adding '..\..\..\..\SDK\uart_processor\Debug\uart_processor.elf' file in synth run script
Command: read_checkpoint -auto_incremental -incremental C:/Users/hexad/Documents/Artix-7/UART/UART.srcs/utils_1/imports/synth_1/uart_proc_wrapper.dcp
INFO: [Vivado 12-5825] Read reference checkpoint from C:/Users/hexad/Documents/Artix-7/UART/UART.srcs/utils_1/imports/synth_1/uart_proc_wrapper.dcp for incremental synthesis
INFO: [Vivado 12-7989] Please ensure there are no constraint changes
Command: synth_design -top uart_proc_wrapper -part xc7a35ticsg324-1L
Starting synth_design
Attempting to get a license for feature 'Synthesis' and/or device 'xc7a35ti'
INFO: [Common 17-349] Got license for feature 'Synthesis' and/or device 'xc7a35ti'
INFO: [Device 21-403] Loading part xc7a35ticsg324-1L
INFO: [Designutils 20-5440] No compile time benefit to using incremental synthesis; A full resynthesis will be run
INFO: [Designutils 20-4379] Flow is switching to default flow due to incremental criteria not met. If you would like to alter this behaviour and have the flow terminate instead, please set the following parameter config_implementation {autoIncr.Synth.RejectBehavior Terminate}
INFO: [Synth 8-7079] Multithreading enabled for synth_design using a maximum of 2 processes.
INFO: [Synth 8-7078] Launching helper process for spawning children vivado processes
INFO: [Synth 8-7075] Helper process launched with PID 3428
---------------------------------------------------------------------------------
Starting RTL Elaboration : Time (s): cpu = 00:00:05 ; elapsed = 00:00:05 . Memory (MB): peak = 2230.770 ; gain = 412.367
---------------------------------------------------------------------------------
INFO: [Synth 8-6157] synthesizing module 'uart_proc_wrapper' [c:/Users/hexad/Documents/Artix-7/UART/UART.gen/sources_1/bd/uart_proc/hdl/uart_proc_wrapper.v:13]
INFO: [Synth 8-6157] synthesizing module 'uart_proc' [c:/Users/hexad/Documents/Artix-7/UART/UART.gen/sources_1/bd/uart_proc/synth/uart_proc.v:13]
INFO: [Synth 8-6157] synthesizing module 'uart_proc_microblaze_mcs_0_0' [C:/Users/hexad/Documents/Artix-7/UART/UART.runs/synth_1/.Xil/Vivado-8400-DESKTOP-MRR1QCE/realtime/uart_proc_microblaze_mcs_0_0_stub.v:6]
INFO: [Synth 8-6155] done synthesizing module 'uart_proc_microblaze_mcs_0_0' (0#1) [C:/Users/hexad/Documents/Artix-7/UART/UART.runs/synth_1/.Xil/Vivado-8400-DESKTOP-MRR1QCE/realtime/uart_proc_microblaze_mcs_0_0_stub.v:6]
INFO: [Synth 8-6155] done synthesizing module 'uart_proc' (0#1) [c:/Users/hexad/Documents/Artix-7/UART/UART.gen/sources_1/bd/uart_proc/synth/uart_proc.v:13]
INFO: [Synth 8-6155] done synthesizing module 'uart_proc_wrapper' (0#1) [c:/Users/hexad/Documents/Artix-7/UART/UART.gen/sources_1/bd/uart_proc/hdl/uart_proc_wrapper.v:13]
---------------------------------------------------------------------------------
Finished RTL Elaboration : Time (s): cpu = 00:00:06 ; elapsed = 00:00:07 . Memory (MB): peak = 2321.754 ; gain = 503.352
---------------------------------------------------------------------------------
---------------------------------------------------------------------------------
Start Handling Custom Attributes
---------------------------------------------------------------------------------
---------------------------------------------------------------------------------
Finished Handling Custom Attributes : Time (s): cpu = 00:00:06 ; elapsed = 00:00:07 . Memory (MB): peak = 2339.684 ; gain = 521.281
---------------------------------------------------------------------------------
---------------------------------------------------------------------------------
Finished RTL Optimization Phase 1 : Time (s): cpu = 00:00:06 ; elapsed = 00:00:07 . Memory (MB): peak = 2339.684 ; gain = 521.281
---------------------------------------------------------------------------------
Netlist sorting complete. Time (s): cpu = 00:00:00 ; elapsed = 00:00:00 . Memory (MB): peak = 2339.684 ; gain = 0.000
INFO: [Project 1-570] Preparing netlist for logic optimization

Processing XDC Constraints
Initializing timing engine
Parsing XDC File [c:/Users/hexad/Documents/Artix-7/UART/UART.gen/sources_1/bd/uart_proc/ip/uart_proc_microblaze_mcs_0_0/uart_proc_microblaze_mcs_0_0/uart_proc_microblaze_mcs_0_0_in_context.xdc] for cell 'uart_proc_i/microblaze_mcs_0'
Finished Parsing XDC File [c:/Users/hexad/Documents/Artix-7/UART/UART.gen/sources_1/bd/uart_proc/ip/uart_proc_microblaze_mcs_0_0/uart_proc_microblaze_mcs_0_0/uart_proc_microblaze_mcs_0_0_in_context.xdc] for cell 'uart_proc_i/microblaze_mcs_0'
Parsing XDC File [C:/Users/hexad/Documents/Artix-7/UART/Arty_A7_Master.xdc]
WARNING: [Vivado 12-584] No ports matched 'Led_Out[0]'. [C:/Users/hexad/Documents/Artix-7/UART/Arty_A7_Master.xdc:35]
WARNING: [Vivado 12-584] No ports matched 'Led_Out[1]'. [C:/Users/hexad/Documents/Artix-7/UART/Arty_A7_Master.xdc:36]
WARNING: [Vivado 12-584] No ports matched 'Led_Out[2]'. [C:/Users/hexad/Documents/Artix-7/UART/Arty_A7_Master.xdc:37]
WARNING: [Vivado 12-584] No ports matched 'Led_Out[3]'. [C:/Users/hexad/Documents/Artix-7/UART/Arty_A7_Master.xdc:38]
WARNING: [Vivado 12-584] No ports matched 'Button_In[0]'. [C:/Users/hexad/Documents/Artix-7/UART/Arty_A7_Master.xdc:42]
WARNING: [Vivado 12-584] No ports matched 'Button_In[1]'. [C:/Users/hexad/Documents/Artix-7/UART/Arty_A7_Master.xdc:43]
WARNING: [Vivado 12-584] No ports matched 'Button_In[2]'. [C:/Users/hexad/Documents/Artix-7/UART/Arty_A7_Master.xdc:44]
WARNING: [Vivado 12-584] No ports matched 'Button_In[3]'. [C:/Users/hexad/Documents/Artix-7/UART/Arty_A7_Master.xdc:45]
Finished Parsing XDC File [C:/Users/hexad/Documents/Artix-7/UART/Arty_A7_Master.xdc]
WARNING: [Project 1-498] One or more constraints failed evaluation while reading constraint file [C:/Users/hexad/Documents/Artix-7/UART/Arty_A7_Master.xdc] and the design contains unresolved black boxes. These constraints will be read post-synthesis (as long as their source constraint file is marked as used_in_implementation) and should be applied correctly then. You should review the constraints listed in the file [.Xil/uart_proc_wrapper_propImpl.xdc] and check the run log file to verify that these constraints were correctly applied.
INFO: [Project 1-236] Implementation specific constraints were found while reading constraint file [C:/Users/hexad/Documents/Artix-7/UART/Arty_A7_Master.xdc]. These constraints will be ignored for synthesis but will be used in implementation. Impacted constraints are listed in the file [.Xil/uart_proc_wrapper_propImpl.xdc].
Resolution: To avoid this warning, move constraints listed in [.Xil/uart_proc_wrapper_propImpl.xdc] to another XDC file and exclude this new file from synthesis with the used_in_synthesis property (File Properties dialog in GUI) and re-run elaboration/synthesis.
Parsing XDC File [C:/Users/hexad/Documents/Artix-7/UART/UART.runs/synth_1/dont_touch.xdc]
Finished Parsing XDC File [C:/Users/hexad/Documents/Artix-7/UART/UART.runs/synth_1/dont_touch.xdc]
Completed Processing XDC Constraints

Netlist sorting complete. Time (s): cpu = 00:00:00 ; elapsed = 00:00:00 . Memory (MB): peak = 2367.531 ; gain = 0.000
INFO: [Project 1-111] Unisim Transformation Summary:
No Unisim elements were transformed.

Constraint Validation Runtime : Time (s): cpu = 00:00:00 ; elapsed = 00:00:00.002 . Memory (MB): peak = 2367.531 ; gain = 0.000
INFO: [Designutils 20-5440] No compile time benefit to using incremental synthesis; A full resynthesis will be run
INFO: [Designutils 20-4379] Flow is switching to default flow due to incremental criteria not met. If you would like to alter this behaviour and have the flow terminate instead, please set the following parameter config_implementation {autoIncr.Synth.RejectBehavior Terminate}
---------------------------------------------------------------------------------
Finished Constraint Validation : Time (s): cpu = 00:00:13 ; elapsed = 00:00:14 . Memory (MB): peak = 2367.531 ; gain = 549.129
---------------------------------------------------------------------------------
---------------------------------------------------------------------------------
Start Loading Part and Timing Information
---------------------------------------------------------------------------------
Loading part: xc7a35ticsg324-1L
---------------------------------------------------------------------------------
Finished Loading Part and Timing Information : Time (s): cpu = 00:00:13 ; elapsed = 00:00:14 . Memory (MB): peak = 2367.531 ; gain = 549.129
---------------------------------------------------------------------------------
---------------------------------------------------------------------------------
Start Applying 'set_property' XDC Constraints
---------------------------------------------------------------------------------
Applied set_property KEEP_HIERARCHY = SOFT for uart_proc_i. (constraint file  auto generated constraint).
Applied set_property KEEP_HIERARCHY = SOFT for uart_proc_i/microblaze_mcs_0. (constraint file  auto generated constraint).
---------------------------------------------------------------------------------
Finished applying 'set_property' XDC Constraints : Time (s): cpu = 00:00:13 ; elapsed = 00:00:14 . Memory (MB): peak = 2367.531 ; gain = 549.129
---------------------------------------------------------------------------------
---------------------------------------------------------------------------------
Finished RTL Optimization Phase 2 : Time (s): cpu = 00:00:13 ; elapsed = 00:00:14 . Memory (MB): peak = 2367.531 ; gain = 549.129
---------------------------------------------------------------------------------
---------------------------------------------------------------------------------
Start RTL Component Statistics 
---------------------------------------------------------------------------------
Detailed RTL Component Info : 
---------------------------------------------------------------------------------
Finished RTL Component Statistics 
---------------------------------------------------------------------------------
---------------------------------------------------------------------------------
Start Part Resource Summary
---------------------------------------------------------------------------------
Part Resources:
DSPs: 90 (col length:60)
BRAMs: 100 (col length: RAMB18 60 RAMB36 30)
---------------------------------------------------------------------------------
Finished Part Resource Summary
---------------------------------------------------------------------------------
---------------------------------------------------------------------------------
Start Cross Boundary and Area Optimization
---------------------------------------------------------------------------------
WARNING: [Synth 8-7080] Parallel synthesis criteria is not met
---------------------------------------------------------------------------------
Finished Cross Boundary and Area Optimization : Time (s): cpu = 00:00:15 ; elapsed = 00:00:16 . Memory (MB): peak = 2367.531 ; gain = 549.129
---------------------------------------------------------------------------------
---------------------------------------------------------------------------------
Start Applying XDC Timing Constraints
---------------------------------------------------------------------------------
---------------------------------------------------------------------------------
Finished Applying XDC Timing Constraints : Time (s): cpu = 00:00:20 ; elapsed = 00:00:21 . Memory (MB): peak = 2367.531 ; gain = 549.129
---------------------------------------------------------------------------------
---------------------------------------------------------------------------------
Start Timing Optimization
---------------------------------------------------------------------------------
---------------------------------------------------------------------------------
Finished Timing Optimization : Time (s): cpu = 00:00:20 ; elapsed = 00:00:21 . Memory (MB): peak = 2367.531 ; gain = 549.129
---------------------------------------------------------------------------------
---------------------------------------------------------------------------------
Start Technology Mapping
---------------------------------------------------------------------------------
---------------------------------------------------------------------------------
Finished Technology Mapping : Time (s): cpu = 00:00:20 ; elapsed = 00:00:21 . Memory (MB): peak = 2367.531 ; gain = 549.129
---------------------------------------------------------------------------------
---------------------------------------------------------------------------------
Start IO Insertion
---------------------------------------------------------------------------------
---------------------------------------------------------------------------------
Start Flattening Before IO Insertion
---------------------------------------------------------------------------------
---------------------------------------------------------------------------------
Finished Flattening Before IO Insertion
---------------------------------------------------------------------------------
---------------------------------------------------------------------------------
Start Final Netlist Cleanup
---------------------------------------------------------------------------------
---------------------------------------------------------------------------------
Finished Final Netlist Cleanup
---------------------------------------------------------------------------------
---------------------------------------------------------------------------------
Finished IO Insertion : Time (s): cpu = 00:00:24 ; elapsed = 00:00:25 . Memory (MB): peak = 2367.531 ; gain = 549.129
---------------------------------------------------------------------------------
---------------------------------------------------------------------------------
Start Renaming Generated Instances
---------------------------------------------------------------------------------
---------------------------------------------------------------------------------
Finished Renaming Generated Instances : Time (s): cpu = 00:00:24 ; elapsed = 00:00:25 . Memory (MB): peak = 2367.531 ; gain = 549.129
---------------------------------------------------------------------------------
---------------------------------------------------------------------------------
Start Rebuilding User Hierarchy
---------------------------------------------------------------------------------
---------------------------------------------------------------------------------
Finished Rebuilding User Hierarchy : Time (s): cpu = 00:00:24 ; elapsed = 00:00:25 . Memory (MB): peak = 2367.531 ; gain = 549.129
---------------------------------------------------------------------------------
---------------------------------------------------------------------------------
Start Renaming Generated Ports
---------------------------------------------------------------------------------
---------------------------------------------------------------------------------
Finished Renaming Generated Ports : Time (s): cpu = 00:00:24 ; elapsed = 00:00:25 . Memory (MB): peak = 2367.531 ; gain = 549.129
---------------------------------------------------------------------------------
---------------------------------------------------------------------------------
Start Handling Custom Attributes
---------------------------------------------------------------------------------
---------------------------------------------------------------------------------
Finished Handling Custom Attributes : Time (s): cpu = 00:00:24 ; elapsed = 00:00:25 . Memory (MB): peak = 2367.531 ; gain = 549.129
---------------------------------------------------------------------------------
---------------------------------------------------------------------------------
Start Renaming Generated Nets
---------------------------------------------------------------------------------
---------------------------------------------------------------------------------
Finished Renaming Generated Nets : Time (s): cpu = 00:00:24 ; elapsed = 00:00:25 . Memory (MB): peak = 2367.531 ; gain = 549.129
---------------------------------------------------------------------------------
---------------------------------------------------------------------------------
Start Writing Synthesis Report
---------------------------------------------------------------------------------

Report BlackBoxes: 
+------+-----------------------------+----------+
|      |BlackBox name                |Instances |
+------+-----------------------------+----------+
|1     |uart_proc_microblaze_mcs_0_0 |         1|
+------+-----------------------------+----------+

Report Cell Usage: 
+------+---------------------------+------+
|      |Cell                       |Count |
+------+---------------------------+------+
|1     |uart_proc_microblaze_mcs_0 |     1|
|2     |IBUF                       |     2|
|3     |OBUF                       |     1|
+------+---------------------------+------+
---------------------------------------------------------------------------------
Finished Writing Synthesis Report : Time (s): cpu = 00:00:24 ; elapsed = 00:00:25 . Memory (MB): peak = 2367.531 ; gain = 549.129
---------------------------------------------------------------------------------
Synthesis finished with 0 errors, 0 critical warnings and 1 warnings.
Synthesis Optimization Runtime : Time (s): cpu = 00:00:16 ; elapsed = 00:00:24 . Memory (MB): peak = 2367.531 ; gain = 521.281
Synthesis Optimization Complete : Time (s): cpu = 00:00:24 ; elapsed = 00:00:25 . Memory (MB): peak = 2367.531 ; gain = 549.129
INFO: [Project 1-571] Translating synthesized netlist
Netlist sorting complete. Time (s): cpu = 00:00:00 ; elapsed = 00:00:00.001 . Memory (MB): peak = 2367.531 ; gain = 0.000
INFO: [Project 1-570] Preparing netlist for logic optimization
INFO: [Opt 31-138] Pushed 0 inverter(s) to 0 load pin(s).
Netlist sorting complete. Time (s): cpu = 00:00:00 ; elapsed = 00:00:00 . Memory (MB): peak = 2367.531 ; gain = 0.000
INFO: [Project 1-111] Unisim Transformation Summary:
No Unisim elements were transformed.

Synth Design complete | Checksum: bb5a58b1
INFO: [Common 17-83] Releasing license: Synthesis
29 Infos, 10 Warnings, 0 Critical Warnings and 0 Errors encountered.
synth_design completed successfully
synth_design: Time (s): cpu = 00:00:29 ; elapsed = 00:00:30 . Memory (MB): peak = 2367.531 ; gain = 931.938
INFO: [Common 17-1381] The checkpoint 'C:/Users/hexad/Documents/Artix-7/UART/UART.runs/synth_1/uart_proc_wrapper.dcp' has been generated.
INFO: [runtcl-4] Executing : report_utilization -file uart_proc_wrapper_utilization_synth.rpt -pb uart_proc_wrapper_utilization_synth.pb
INFO: [Common 17-206] Exiting Vivado at Tue Aug  1 00:37:06 2023...
